{"C:\\Users\\lalit\\Documents\\projects\\next-2026\\ecommerce-api\\src\\app.controller.ts": {"path":"C:\\Users\\lalit\\Documents\\projects\\next-2026\\ecommerce-api\\src\\app.controller.ts","statementMap":{"0":{"start":{"line":1,"column":0},"end":{"line":1,"column":49}},"1":{"start":{"line":2,"column":0},"end":{"line":2,"column":43}},"2":{"start":{"line":5,"column":7},"end":{"line":12,"column":null}},"3":{"start":{"line":6,"column":31},"end":{"line":6,"column":43}},"4":{"start":{"line":10,"column":4},"end":{"line":10,"column":38}},"5":{"start":{"line":5,"column":13},"end":{"line":5,"column":26}},"6":{"start":{"line":9,"column":2},"end":{"line":11,"column":null}},"7":{"start":{"line":5,"column":13},"end":{"line":12,"column":null}}},"fnMap":{"0":{"name":"(anonymous_2)","decl":{"start":{"line":6,"column":2},"end":{"line":6,"column":31}},"loc":{"start":{"line":6,"column":53},"end":{"line":6,"column":57}}},"1":{"name":"(anonymous_3)","decl":{"start":{"line":9,"column":2},"end":{"line":9,"column":10}},"loc":{"start":{"line":9,"column":10},"end":{"line":11,"column":3}}}},"branchMap":{"0":{"loc":{"start":{"line":6,"column":43},"end":{"line":6,"column":56}},"type":"cond-expr","locations":[{"start":{"line":6,"column":53},"end":{"line":6,"column":56}},{"start":{"line":6,"column":53},"end":{"line":6,"column":56}}]},"1":{"loc":{"start":{"line":6,"column":43},"end":{"line":6,"column":53}},"type":"binary-expr","locations":[{"start":{"line":6,"column":43},"end":{"line":6,"column":56}},{"start":{"line":6,"column":43},"end":{"line":6,"column":53}}]}},"s":{"0":1,"1":1,"2":1,"3":1,"4":1,"5":1,"6":1,"7":1},"f":{"0":1,"1":1},"b":{"0":[1,0],"1":[1,1]}}
,"C:\\Users\\lalit\\Documents\\projects\\next-2026\\ecommerce-api\\src\\app.module.ts": {"path":"C:\\Users\\lalit\\Documents\\projects\\next-2026\\ecommerce-api\\src\\app.module.ts","statementMap":{"0":{"start":{"line":1,"column":0},"end":{"line":1,"column":40}},"1":{"start":{"line":2,"column":0},"end":{"line":2,"column":46}},"2":{"start":{"line":3,"column":0},"end":{"line":3,"column":54}},"3":{"start":{"line":4,"column":0},"end":{"line":4,"column":48}},"4":{"start":{"line":5,"column":0},"end":{"line":5,"column":66}},"5":{"start":{"line":6,"column":0},"end":{"line":6,"column":60}},"6":{"start":{"line":7,"column":0},"end":{"line":7,"column":77}},"7":{"start":{"line":8,"column":0},"end":{"line":8,"column":51}},"8":{"start":{"line":9,"column":0},"end":{"line":9,"column":63}},"9":{"start":{"line":10,"column":0},"end":{"line":10,"column":77}},"10":{"start":{"line":11,"column":0},"end":{"line":11,"column":54}},"11":{"start":{"line":12,"column":0},"end":{"line":12,"column":68}},"12":{"start":{"line":13,"column":0},"end":{"line":13,"column":80}},"13":{"start":{"line":14,"column":0},"end":{"line":14,"column":60}},"14":{"start":{"line":33,"column":7},"end":{"line":33,"column":null}},"15":{"start":{"line":33,"column":13},"end":{"line":33,"column":22}},"16":{"start":{"line":33,"column":13},"end":{"line":33,"column":null}}},"fnMap":{},"branchMap":{},"s":{"0":0,"1":0,"2":0,"3":0,"4":0,"5":0,"6":0,"7":0,"8":0,"9":0,"10":0,"11":0,"12":0,"13":0,"14":0,"15":0,"16":0},"f":{},"b":{}}
,"C:\\Users\\lalit\\Documents\\projects\\next-2026\\ecommerce-api\\src\\app.service.ts": {"path":"C:\\Users\\lalit\\Documents\\projects\\next-2026\\ecommerce-api\\src\\app.service.ts","statementMap":{"0":{"start":{"line":1,"column":0},"end":{"line":1,"column":44}},"1":{"start":{"line":4,"column":7},"end":{"line":8,"column":null}},"2":{"start":{"line":6,"column":4},"end":{"line":6,"column":26}},"3":{"start":{"line":4,"column":13},"end":{"line":4,"column":23}},"4":{"start":{"line":4,"column":13},"end":{"line":8,"column":null}}},"fnMap":{"0":{"name":"(anonymous_1)","decl":{"start":{"line":5,"column":2},"end":{"line":5,"column":10}},"loc":{"start":{"line":5,"column":10},"end":{"line":7,"column":3}}}},"branchMap":{},"s":{"0":1,"1":1,"2":1,"3":1,"4":1},"f":{"0":1},"b":{}}
,"C:\\Users\\lalit\\Documents\\projects\\next-2026\\ecommerce-api\\src\\main.ts": {"path":"C:\\Users\\lalit\\Documents\\projects\\next-2026\\ecommerce-api\\src\\main.ts","statementMap":{"0":{"start":{"line":1,"column":0},"end":{"line":1,"column":43}},"1":{"start":{"line":2,"column":0},"end":{"line":2,"column":48}},"2":{"start":{"line":3,"column":0},"end":{"line":3,"column":65}},"3":{"start":{"line":4,"column":0},"end":{"line":4,"column":41}},"4":{"start":{"line":7,"column":14},"end":{"line":7,"column":49}},"5":{"start":{"line":9,"column":2},"end":{"line":11,"column":4}},"6":{"start":{"line":13,"column":25},"end":{"line":15,"column":25}},"7":{"start":{"line":15,"column":16},"end":{"line":15,"column":24}},"8":{"start":{"line":16,"column":2},"end":{"line":16,"column":45}},"9":{"start":{"line":18,"column":17},"end":{"line":23,"column":12}},"10":{"start":{"line":25,"column":19},"end":{"line":25,"column":60}},"11":{"start":{"line":26,"column":2},"end":{"line":26,"column":44}},"12":{"start":{"line":28,"column":2},"end":{"line":28,"column":45}},"13":{"start":{"line":30,"column":0},"end":{"line":30,"column":12}}},"fnMap":{"0":{"name":"bootstrap","decl":{"start":{"line":6,"column":15},"end":{"line":6,"column":24}},"loc":{"start":{"line":6,"column":24},"end":{"line":29,"column":1}}},"1":{"name":"(anonymous_1)","decl":{"start":{"line":15,"column":9},"end":{"line":15,"column":10}},"loc":{"start":{"line":15,"column":16},"end":{"line":15,"column":24}}}},"branchMap":{"0":{"loc":{"start":{"line":13,"column":26},"end":{"line":13,"column":80}},"type":"binary-expr","locations":[{"start":{"line":13,"column":26},"end":{"line":13,"column":53}},{"start":{"line":13,"column":57},"end":{"line":13,"column":80}}]},"1":{"loc":{"start":{"line":28,"column":19},"end":{"line":28,"column":43}},"type":"binary-expr","locations":[{"start":{"line":28,"column":19},"end":{"line":28,"column":35}},{"start":{"line":28,"column":39},"end":{"line":28,"column":43}}]}},"s":{"0":0,"1":0,"2":0,"3":0,"4":0,"5":0,"6":0,"7":0,"8":0,"9":0,"10":0,"11":0,"12":0,"13":0},"f":{"0":0,"1":0},"b":{"0":[0,0],"1":[0,0]}}
,"C:\\Users\\lalit\\Documents\\projects\\next-2026\\ecommerce-api\\src\\auth\\auth.controller.ts": {"path":"C:\\Users\\lalit\\Documents\\projects\\next-2026\\ecommerce-api\\src\\auth\\auth.controller.ts","statementMap":{"0":{"start":{"line":1,"column":0},"end":{"line":1,"column":72}},"1":{"start":{"line":2,"column":0},"end":{"line":2,"column":71}},"2":{"start":{"line":3,"column":0},"end":{"line":3,"column":45}},"3":{"start":{"line":4,"column":0},"end":{"line":4,"column":43}},"4":{"start":{"line":5,"column":0},"end":{"line":5,"column":49}},"5":{"start":{"line":6,"column":0},"end":{"line":6,"column":48}},"6":{"start":{"line":7,"column":0},"end":{"line":7,"column":66}},"7":{"start":{"line":11,"column":7},"end":{"line":33,"column":null}},"8":{"start":{"line":12,"column":31},"end":{"line":12,"column":44}},"9":{"start":{"line":17,"column":4},"end":{"line":17,"column":39}},"10":{"start":{"line":23,"column":4},"end":{"line":23,"column":42}},"11":{"start":{"line":31,"column":4},"end":{"line":31,"column":16}},"12":{"start":{"line":11,"column":13},"end":{"line":11,"column":27}},"13":{"start":{"line":16,"column":2},"end":{"line":18,"column":null}},"14":{"start":{"line":22,"column":2},"end":{"line":24,"column":null}},"15":{"start":{"line":30,"column":2},"end":{"line":32,"column":null}},"16":{"start":{"line":11,"column":13},"end":{"line":33,"column":null}}},"fnMap":{"0":{"name":"(anonymous_4)","decl":{"start":{"line":12,"column":2},"end":{"line":12,"column":31}},"loc":{"start":{"line":12,"column":55},"end":{"line":12,"column":59}}},"1":{"name":"(anonymous_5)","decl":{"start":{"line":16,"column":2},"end":{"line":16,"column":7}},"loc":{"start":{"line":16,"column":29},"end":{"line":18,"column":3}}},"2":{"name":"(anonymous_6)","decl":{"start":{"line":22,"column":2},"end":{"line":22,"column":10}},"loc":{"start":{"line":22,"column":35},"end":{"line":24,"column":3}}},"3":{"name":"(anonymous_7)","decl":{"start":{"line":30,"column":2},"end":{"line":30,"column":9}},"loc":{"start":{"line":30,"column":38},"end":{"line":32,"column":3}}}},"branchMap":{"0":{"loc":{"start":{"line":16,"column":21},"end":{"line":16,"column":null}},"type":"cond-expr","locations":[{"start":{"line":16,"column":29},"end":{"line":16,"column":null}},{"start":{"line":16,"column":29},"end":{"line":16,"column":null}}]},"1":{"loc":{"start":{"line":16,"column":21},"end":{"line":16,"column":29}},"type":"binary-expr","locations":[{"start":{"line":16,"column":21},"end":{"line":16,"column":null}},{"start":{"line":16,"column":21},"end":{"line":16,"column":29}}]},"2":{"loc":{"start":{"line":22,"column":24},"end":{"line":22,"column":null}},"type":"cond-expr","locations":[{"start":{"line":22,"column":35},"end":{"line":22,"column":null}},{"start":{"line":22,"column":35},"end":{"line":22,"column":null}}]},"3":{"loc":{"start":{"line":22,"column":24},"end":{"line":22,"column":35}},"type":"binary-expr","locations":[{"start":{"line":22,"column":24},"end":{"line":22,"column":null}},{"start":{"line":22,"column":24},"end":{"line":22,"column":35}}]},"4":{"loc":{"start":{"line":12,"column":44},"end":{"line":12,"column":58}},"type":"cond-expr","locations":[{"start":{"line":12,"column":55},"end":{"line":12,"column":58}},{"start":{"line":12,"column":55},"end":{"line":12,"column":58}}]},"5":{"loc":{"start":{"line":12,"column":44},"end":{"line":12,"column":55}},"type":"binary-expr","locations":[{"start":{"line":12,"column":44},"end":{"line":12,"column":58}},{"start":{"line":12,"column":44},"end":{"line":12,"column":55}}]}},"s":{"0":1,"1":1,"2":1,"3":1,"4":1,"5":1,"6":1,"7":1,"8":3,"9":1,"10":1,"11":1,"12":1,"13":1,"14":1,"15":1,"16":1},"f":{"0":3,"1":1,"2":1,"3":1},"b":{"0":[1,0],"1":[1,1],"2":[1,0],"3":[1,1],"4":[1,0],"5":[1,1]}}
,"C:\\Users\\lalit\\Documents\\projects\\next-2026\\ecommerce-api\\src\\auth\\auth.module.ts": {"path":"C:\\Users\\lalit\\Documents\\projects\\next-2026\\ecommerce-api\\src\\auth\\auth.module.ts","statementMap":{"0":{"start":{"line":1,"column":0},"end":{"line":1,"column":40}},"1":{"start":{"line":2,"column":0},"end":{"line":2,"column":40}},"2":{"start":{"line":3,"column":0},"end":{"line":3,"column":50}},"3":{"start":{"line":4,"column":0},"end":{"line":4,"column":45}},"4":{"start":{"line":5,"column":0},"end":{"line":5,"column":51}},"5":{"start":{"line":6,"column":0},"end":{"line":6,"column":45}},"6":{"start":{"line":7,"column":0},"end":{"line":7,"column":48}},"7":{"start":{"line":24,"column":7},"end":{"line":24,"column":null}},"8":{"start":{"line":24,"column":13},"end":{"line":24,"column":23}},"9":{"start":{"line":24,"column":13},"end":{"line":24,"column":null}},"10":{"start":{"line":14,"column":23},"end":{"line":14,"column":45}},"11":{"start":{"line":15,"column":8},"end":{"line":15,"column":83}},"12":{"start":{"line":15,"column":21},"end":{"line":15,"column":83}},"13":{"start":{"line":16,"column":8},"end":{"line":16,"column":60}}},"fnMap":{"0":{"name":"(anonymous_1)","decl":{"start":{"line":13,"column":18},"end":{"line":13,"column":21}},"loc":{"start":{"line":13,"column":23},"end":{"line":17,"column":7}}}},"branchMap":{"0":{"loc":{"start":{"line":15,"column":8},"end":{"line":15,"column":83}},"type":"if","locations":[{"start":{"line":15,"column":8},"end":{"line":15,"column":83}},{"start":{},"end":{}}]}},"s":{"0":0,"1":0,"2":0,"3":0,"4":0,"5":0,"6":0,"7":0,"8":0,"9":0,"10":0,"11":0,"12":0,"13":0},"f":{"0":0},"b":{"0":[0,0]}}
,"C:\\Users\\lalit\\Documents\\projects\\next-2026\\ecommerce-api\\src\\auth\\auth.service.ts": {"path":"C:\\Users\\lalit\\Documents\\projects\\next-2026\\ecommerce-api\\src\\auth\\auth.service.ts","statementMap":{"0":{"start":{"line":1,"column":0},"end":{"line":1,"column":null}},"1":{"start":{"line":6,"column":0},"end":{"line":6,"column":41}},"2":{"start":{"line":7,"column":0},"end":{"line":7,"column":37}},"3":{"start":{"line":8,"column":0},"end":{"line":8,"column":57}},"4":{"start":{"line":13,"column":7},"end":{"line":56,"column":null}},"5":{"start":{"line":15,"column":21},"end":{"line":15,"column":29}},"6":{"start":{"line":16,"column":21},"end":{"line":16,"column":26}},"7":{"start":{"line":20,"column":17},"end":{"line":22,"column":6}},"8":{"start":{"line":24,"column":4},"end":{"line":26,"column":5}},"9":{"start":{"line":25,"column":6},"end":{"line":25,"column":61}},"10":{"start":{"line":28,"column":43},"end":{"line":28,"column":47}},"11":{"start":{"line":29,"column":4},"end":{"line":29,"column":63}},"12":{"start":{"line":33,"column":21},"end":{"line":35,"column":6}},"13":{"start":{"line":37,"column":4},"end":{"line":39,"column":5}},"14":{"start":{"line":38,"column":6},"end":{"line":38,"column":60}},"15":{"start":{"line":41,"column":17},"end":{"line":47,"column":6}},"16":{"start":{"line":49,"column":43},"end":{"line":49,"column":47}},"17":{"start":{"line":50,"column":4},"end":{"line":50,"column":63}},"18":{"start":{"line":54,"column":4},"end":{"line":54,"column":41}},"19":{"start":{"line":13,"column":13},"end":{"line":13,"column":24}},"20":{"start":{"line":13,"column":13},"end":{"line":56,"column":null}}},"fnMap":{"0":{"name":"(anonymous_11)","decl":{"start":{"line":14,"column":2},"end":{"line":14,"column":null}},"loc":{"start":{"line":16,"column":36},"end":{"line":17,"column":6}}},"1":{"name":"(anonymous_12)","decl":{"start":{"line":19,"column":2},"end":{"line":19,"column":7}},"loc":{"start":{"line":19,"column":27},"end":{"line":30,"column":3}}},"2":{"name":"(anonymous_13)","decl":{"start":{"line":32,"column":2},"end":{"line":32,"column":7}},"loc":{"start":{"line":32,"column":33},"end":{"line":51,"column":3}}},"3":{"name":"(anonymous_14)","decl":{"start":{"line":53,"column":10},"end":{"line":53,"column":19}},"loc":{"start":{"line":53,"column":49},"end":{"line":55,"column":3}}}},"branchMap":{"0":{"loc":{"start":{"line":24,"column":4},"end":{"line":26,"column":5}},"type":"if","locations":[{"start":{"line":24,"column":4},"end":{"line":26,"column":5}},{"start":{},"end":{}}]},"1":{"loc":{"start":{"line":24,"column":8},"end":{"line":24,"column":67}},"type":"binary-expr","locations":[{"start":{"line":24,"column":8},"end":{"line":24,"column":13}},{"start":{"line":24,"column":17},"end":{"line":24,"column":67}}]},"2":{"loc":{"start":{"line":37,"column":4},"end":{"line":39,"column":5}},"type":"if","locations":[{"start":{"line":37,"column":4},"end":{"line":39,"column":5}},{"start":{},"end":{}}]},"3":{"loc":{"start":{"line":15,"column":29},"end":{"line":15,"column":null}},"type":"cond-expr","locations":[{"start":{"line":15,"column":42},"end":{"line":15,"column":null}},{"start":{"line":15,"column":42},"end":{"line":15,"column":null}}]},"4":{"loc":{"start":{"line":15,"column":29},"end":{"line":15,"column":42}},"type":"binary-expr","locations":[{"start":{"line":15,"column":29},"end":{"line":15,"column":null}},{"start":{"line":15,"column":29},"end":{"line":15,"column":42}}]},"5":{"loc":{"start":{"line":15,"column":42},"end":{"line":16,"column":null}},"type":"cond-expr","locations":[{"start":{"line":16,"column":36},"end":{"line":16,"column":null}},{"start":{"line":16,"column":36},"end":{"line":16,"column":null}}]},"6":{"loc":{"start":{"line":15,"column":42},"end":{"line":16,"column":36}},"type":"binary-expr","locations":[{"start":{"line":15,"column":42},"end":{"line":16,"column":null}},{"start":{"line":16,"column":26},"end":{"line":16,"column":36}}]}},"s":{"0":2,"1":2,"2":2,"3":2,"4":2,"5":7,"6":7,"7":4,"8":4,"9":2,"10":2,"11":2,"12":3,"13":3,"14":1,"15":2,"16":2,"17":2,"18":4,"19":2,"20":2},"f":{"0":7,"1":4,"2":3,"3":4},"b":{"0":[2,2],"1":[4,3],"2":[1,2],"3":[2,0],"4":[2,2],"5":[2,0],"6":[2,2]}}
,"C:\\Users\\lalit\\Documents\\projects\\next-2026\\ecommerce-api\\src\\auth\\jwt-auth.guard.ts": {"path":"C:\\Users\\lalit\\Documents\\projects\\next-2026\\ecommerce-api\\src\\auth\\jwt-auth.guard.ts","statementMap":{"0":{"start":{"line":1,"column":0},"end":{"line":1,"column":44}},"1":{"start":{"line":2,"column":0},"end":{"line":2,"column":45}},"2":{"start":{"line":5,"column":7},"end":{"line":5,"column":null}},"3":{"start":{"line":5,"column":13},"end":{"line":5,"column":25}},"4":{"start":{"line":5,"column":13},"end":{"line":5,"column":null}}},"fnMap":{},"branchMap":{},"s":{"0":3,"1":3,"2":3,"3":3,"4":3},"f":{},"b":{}}
,"C:\\Users\\lalit\\Documents\\projects\\next-2026\\ecommerce-api\\src\\auth\\jwt.strategy.ts": {"path":"C:\\Users\\lalit\\Documents\\projects\\next-2026\\ecommerce-api\\src\\auth\\jwt.strategy.ts","statementMap":{"0":{"start":{"line":1,"column":0},"end":{"line":1,"column":44}},"1":{"start":{"line":2,"column":0},"end":{"line":2,"column":52}},"2":{"start":{"line":3,"column":0},"end":{"line":3,"column":52}},"3":{"start":{"line":16,"column":7},"end":{"line":30,"column":null}},"4":{"start":{"line":18,"column":19},"end":{"line":18,"column":41}},"5":{"start":{"line":19,"column":4},"end":{"line":19,"column":79}},"6":{"start":{"line":19,"column":17},"end":{"line":19,"column":79}},"7":{"start":{"line":20,"column":4},"end":{"line":24,"column":7}},"8":{"start":{"line":28,"column":4},"end":{"line":28,"column":24}},"9":{"start":{"line":16,"column":13},"end":{"line":16,"column":24}},"10":{"start":{"line":16,"column":13},"end":{"line":30,"column":null}}},"fnMap":{"0":{"name":"(anonymous_2)","decl":{"start":{"line":17,"column":2},"end":{"line":17,"column":null}},"loc":{"start":{"line":17,"column":2},"end":{"line":25,"column":3}}},"1":{"name":"(anonymous_3)","decl":{"start":{"line":27,"column":2},"end":{"line":27,"column":10}},"loc":{"start":{"line":27,"column":30},"end":{"line":29,"column":3}}}},"branchMap":{"0":{"loc":{"start":{"line":19,"column":4},"end":{"line":19,"column":79}},"type":"if","locations":[{"start":{"line":19,"column":4},"end":{"line":19,"column":79}},{"start":{},"end":{}}]}},"s":{"0":0,"1":0,"2":0,"3":0,"4":0,"5":0,"6":0,"7":0,"8":0,"9":0,"10":0},"f":{"0":0,"1":0},"b":{"0":[0,0]}}
,"C:\\Users\\lalit\\Documents\\projects\\next-2026\\ecommerce-api\\src\\auth\\decorators\\current-user.decorator.ts": {"path":"C:\\Users\\lalit\\Documents\\projects\\next-2026\\ecommerce-api\\src\\auth\\decorators\\current-user.decorator.ts","statementMap":{"0":{"start":{"line":1,"column":0},"end":{"line":1,"column":72}},"1":{"start":{"line":3,"column":13},"end":{"line":8,"column":2}},"2":{"start":{"line":5,"column":20},"end":{"line":5,"column":51}},"3":{"start":{"line":6,"column":4},"end":{"line":6,"column":24}}},"fnMap":{"0":{"name":"(anonymous_0)","decl":{"start":{"line":4,"column":2},"end":{"line":4,"column":3}},"loc":{"start":{"line":4,"column":44},"end":{"line":7,"column":3}}}},"branchMap":{},"s":{"0":2,"1":2,"2":0,"3":0},"f":{"0":0},"b":{}}
,"C:\\Users\\lalit\\Documents\\projects\\next-2026\\ecommerce-api\\src\\auth\\dto\\login.dto.ts": {"path":"C:\\Users\\lalit\\Documents\\projects\\next-2026\\ecommerce-api\\src\\auth\\dto\\login.dto.ts","statementMap":{"0":{"start":{"line":1,"column":0},"end":{"line":1,"column":46}},"1":{"start":{"line":2,"column":0},"end":{"line":2,"column":63}},"2":{"start":{"line":4,"column":0},"end":{"line":4,"column":13}},"3":{"start":{"line":7,"column":2},"end":{"line":7,"column":null}},"4":{"start":{"line":12,"column":2},"end":{"line":12,"column":null}}},"fnMap":{},"branchMap":{},"s":{"0":1,"1":1,"2":1,"3":1,"4":1},"f":{},"b":{}}
,"C:\\Users\\lalit\\Documents\\projects\\next-2026\\ecommerce-api\\src\\auth\\dto\\register.dto.ts": {"path":"C:\\Users\\lalit\\Documents\\projects\\next-2026\\ecommerce-api\\src\\auth\\dto\\register.dto.ts","statementMap":{"0":{"start":{"line":1,"column":0},"end":{"line":1,"column":46}},"1":{"start":{"line":2,"column":0},"end":{"line":2,"column":63}},"2":{"start":{"line":4,"column":0},"end":{"line":4,"column":13}},"3":{"start":{"line":8,"column":2},"end":{"line":8,"column":null}},"4":{"start":{"line":12,"column":2},"end":{"line":12,"column":null}},"5":{"start":{"line":17,"column":2},"end":{"line":17,"column":null}}},"fnMap":{},"branchMap":{},"s":{"0":1,"1":1,"2":1,"3":1,"4":1,"5":1},"f":{},"b":{}}
,"C:\\Users\\lalit\\Documents\\projects\\next-2026\\ecommerce-api\\src\\categories\\categories.controller.ts": {"path":"C:\\Users\\lalit\\Documents\\projects\\next-2026\\ecommerce-api\\src\\categories\\categories.controller.ts","statementMap":{"0":{"start":{"line":1,"column":0},"end":{"line":1,"column":83}},"1":{"start":{"line":2,"column":0},"end":{"line":2,"column":57}},"2":{"start":{"line":3,"column":0},"end":{"line":3,"column":62}},"3":{"start":{"line":4,"column":0},"end":{"line":4,"column":62}},"4":{"start":{"line":7,"column":7},"end":{"line":34,"column":null}},"5":{"start":{"line":8,"column":31},"end":{"line":8,"column":50}},"6":{"start":{"line":12,"column":4},"end":{"line":12,"column":46}},"7":{"start":{"line":17,"column":4},"end":{"line":17,"column":44}},"8":{"start":{"line":22,"column":4},"end":{"line":22,"column":46}},"9":{"start":{"line":27,"column":4},"end":{"line":27,"column":50}},"10":{"start":{"line":32,"column":4},"end":{"line":32,"column":45}},"11":{"start":{"line":7,"column":13},"end":{"line":7,"column":33}},"12":{"start":{"line":11,"column":2},"end":{"line":13,"column":null}},"13":{"start":{"line":16,"column":2},"end":{"line":18,"column":null}},"14":{"start":{"line":21,"column":2},"end":{"line":23,"column":null}},"15":{"start":{"line":26,"column":2},"end":{"line":28,"column":null}},"16":{"start":{"line":31,"column":2},"end":{"line":33,"column":null}},"17":{"start":{"line":7,"column":13},"end":{"line":34,"column":null}}},"fnMap":{"0":{"name":"(anonymous_4)","decl":{"start":{"line":8,"column":2},"end":{"line":8,"column":31}},"loc":{"start":{"line":8,"column":67},"end":{"line":8,"column":71}}},"1":{"name":"(anonymous_5)","decl":{"start":{"line":11,"column":2},"end":{"line":11,"column":8}},"loc":{"start":{"line":11,"column":39},"end":{"line":13,"column":3}}},"2":{"name":"(anonymous_6)","decl":{"start":{"line":16,"column":2},"end":{"line":16,"column":9}},"loc":{"start":{"line":16,"column":9},"end":{"line":18,"column":3}}},"3":{"name":"(anonymous_7)","decl":{"start":{"line":21,"column":2},"end":{"line":21,"column":9}},"loc":{"start":{"line":21,"column":33},"end":{"line":23,"column":3}}},"4":{"name":"(anonymous_8)","decl":{"start":{"line":26,"column":2},"end":{"line":26,"column":8}},"loc":{"start":{"line":26,"column":64},"end":{"line":28,"column":3}}},"5":{"name":"(anonymous_9)","decl":{"start":{"line":31,"column":2},"end":{"line":31,"column":8}},"loc":{"start":{"line":31,"column":32},"end":{"line":33,"column":3}}}},"branchMap":{"0":{"loc":{"start":{"line":11,"column":22},"end":{"line":11,"column":null}},"type":"cond-expr","locations":[{"start":{"line":11,"column":39},"end":{"line":11,"column":null}},{"start":{"line":11,"column":39},"end":{"line":11,"column":null}}]},"1":{"loc":{"start":{"line":11,"column":22},"end":{"line":11,"column":39}},"type":"binary-expr","locations":[{"start":{"line":11,"column":22},"end":{"line":11,"column":null}},{"start":{"line":11,"column":22},"end":{"line":11,"column":39}}]},"2":{"loc":{"start":{"line":26,"column":47},"end":{"line":26,"column":null}},"type":"cond-expr","locations":[{"start":{"line":26,"column":64},"end":{"line":26,"column":null}},{"start":{"line":26,"column":64},"end":{"line":26,"column":null}}]},"3":{"loc":{"start":{"line":26,"column":47},"end":{"line":26,"column":64}},"type":"binary-expr","locations":[{"start":{"line":26,"column":47},"end":{"line":26,"column":null}},{"start":{"line":26,"column":47},"end":{"line":26,"column":64}}]},"4":{"loc":{"start":{"line":8,"column":50},"end":{"line":8,"column":70}},"type":"cond-expr","locations":[{"start":{"line":8,"column":67},"end":{"line":8,"column":70}},{"start":{"line":8,"column":67},"end":{"line":8,"column":70}}]},"5":{"loc":{"start":{"line":8,"column":50},"end":{"line":8,"column":67}},"type":"binary-expr","locations":[{"start":{"line":8,"column":50},"end":{"line":8,"column":70}},{"start":{"line":8,"column":50},"end":{"line":8,"column":67}}]}},"s":{"0":1,"1":1,"2":1,"3":1,"4":1,"5":5,"6":1,"7":1,"8":1,"9":1,"10":1,"11":1,"12":1,"13":1,"14":1,"15":1,"16":1,"17":1},"f":{"0":5,"1":1,"2":1,"3":1,"4":1,"5":1},"b":{"0":[1,0],"1":[1,1],"2":[1,0],"3":[1,1],"4":[1,0],"5":[1,1]}}
,"C:\\Users\\lalit\\Documents\\projects\\next-2026\\ecommerce-api\\src\\categories\\categories.module.ts": {"path":"C:\\Users\\lalit\\Documents\\projects\\next-2026\\ecommerce-api\\src\\categories\\categories.module.ts","statementMap":{"0":{"start":{"line":1,"column":0},"end":{"line":1,"column":40}},"1":{"start":{"line":2,"column":0},"end":{"line":2,"column":57}},"2":{"start":{"line":3,"column":0},"end":{"line":3,"column":63}},"3":{"start":{"line":9,"column":7},"end":{"line":9,"column":null}},"4":{"start":{"line":9,"column":13},"end":{"line":9,"column":29}},"5":{"start":{"line":9,"column":13},"end":{"line":9,"column":null}}},"fnMap":{},"branchMap":{},"s":{"0":0,"1":0,"2":0,"3":0,"4":0,"5":0},"f":{},"b":{}}
,"C:\\Users\\lalit\\Documents\\projects\\next-2026\\ecommerce-api\\src\\categories\\categories.service.ts": {"path":"C:\\Users\\lalit\\Documents\\projects\\next-2026\\ecommerce-api\\src\\categories\\categories.service.ts","statementMap":{"0":{"start":{"line":1,"column":0},"end":{"line":1,"column":63}},"1":{"start":{"line":2,"column":0},"end":{"line":2,"column":57}},"2":{"start":{"line":7,"column":7},"end":{"line":33,"column":null}},"3":{"start":{"line":8,"column":31},"end":{"line":8,"column":39}},"4":{"start":{"line":11,"column":4},"end":{"line":11,"column":54}},"5":{"start":{"line":15,"column":4},"end":{"line":15,"column":43}},"6":{"start":{"line":19,"column":21},"end":{"line":19,"column":77}},"7":{"start":{"line":20,"column":4},"end":{"line":20,"column":75}},"8":{"start":{"line":20,"column":19},"end":{"line":20,"column":75}},"9":{"start":{"line":21,"column":4},"end":{"line":21,"column":20}},"10":{"start":{"line":25,"column":4},"end":{"line":25,"column":27}},"11":{"start":{"line":26,"column":4},"end":{"line":26,"column":69}},"12":{"start":{"line":30,"column":4},"end":{"line":30,"column":27}},"13":{"start":{"line":31,"column":4},"end":{"line":31,"column":58}},"14":{"start":{"line":7,"column":13},"end":{"line":7,"column":30}},"15":{"start":{"line":7,"column":13},"end":{"line":33,"column":null}}},"fnMap":{"0":{"name":"(anonymous_2)","decl":{"start":{"line":8,"column":2},"end":{"line":8,"column":31}},"loc":{"start":{"line":8,"column":52},"end":{"line":8,"column":56}}},"1":{"name":"(anonymous_3)","decl":{"start":{"line":10,"column":2},"end":{"line":10,"column":8}},"loc":{"start":{"line":10,"column":31},"end":{"line":12,"column":3}}},"2":{"name":"(anonymous_4)","decl":{"start":{"line":14,"column":2},"end":{"line":14,"column":9}},"loc":{"start":{"line":14,"column":9},"end":{"line":16,"column":3}}},"3":{"name":"(anonymous_5)","decl":{"start":{"line":18,"column":2},"end":{"line":18,"column":7}},"loc":{"start":{"line":18,"column":26},"end":{"line":22,"column":3}}},"4":{"name":"(anonymous_6)","decl":{"start":{"line":24,"column":2},"end":{"line":24,"column":7}},"loc":{"start":{"line":24,"column":49},"end":{"line":27,"column":3}}},"5":{"name":"(anonymous_7)","decl":{"start":{"line":29,"column":2},"end":{"line":29,"column":7}},"loc":{"start":{"line":29,"column":25},"end":{"line":32,"column":3}}}},"branchMap":{"0":{"loc":{"start":{"line":20,"column":4},"end":{"line":20,"column":75}},"type":"if","locations":[{"start":{"line":20,"column":4},"end":{"line":20,"column":75}},{"start":{},"end":{}}]},"1":{"loc":{"start":{"line":8,"column":39},"end":{"line":8,"column":55}},"type":"cond-expr","locations":[{"start":{"line":8,"column":52},"end":{"line":8,"column":55}},{"start":{"line":8,"column":52},"end":{"line":8,"column":55}}]},"2":{"loc":{"start":{"line":8,"column":39},"end":{"line":8,"column":52}},"type":"binary-expr","locations":[{"start":{"line":8,"column":39},"end":{"line":8,"column":55}},{"start":{"line":8,"column":39},"end":{"line":8,"column":52}}]}},"s":{"0":2,"1":2,"2":2,"3":8,"4":1,"5":1,"6":6,"7":6,"8":3,"9":3,"10":2,"11":1,"12":2,"13":1,"14":2,"15":2},"f":{"0":8,"1":1,"2":1,"3":6,"4":2,"5":2},"b":{"0":[3,3],"1":[2,0],"2":[2,2]}}
,"C:\\Users\\lalit\\Documents\\projects\\next-2026\\ecommerce-api\\src\\categories\\dto\\create-category.dto.ts": {"path":"C:\\Users\\lalit\\Documents\\projects\\next-2026\\ecommerce-api\\src\\categories\\dto\\create-category.dto.ts","statementMap":{"0":{"start":{"line":1,"column":0},"end":{"line":1,"column":54}},"1":{"start":{"line":3,"column":0},"end":{"line":3,"column":13}},"2":{"start":{"line":6,"column":2},"end":{"line":6,"column":null}}},"fnMap":{},"branchMap":{},"s":{"0":1,"1":1,"2":1},"f":{},"b":{}}
,"C:\\Users\\lalit\\Documents\\projects\\next-2026\\ecommerce-api\\src\\categories\\dto\\update-category.dto.ts": {"path":"C:\\Users\\lalit\\Documents\\projects\\next-2026\\ecommerce-api\\src\\categories\\dto\\update-category.dto.ts","statementMap":{"0":{"start":{"line":1,"column":0},"end":{"line":1,"column":51}},"1":{"start":{"line":2,"column":0},"end":{"line":2,"column":58}},"2":{"start":{"line":4,"column":0},"end":{"line":4,"column":13}}},"fnMap":{},"branchMap":{},"s":{"0":1,"1":1,"2":1},"f":{},"b":{}}
,"C:\\Users\\lalit\\Documents\\projects\\next-2026\\ecommerce-api\\src\\countries\\countries.controller.ts": {"path":"C:\\Users\\lalit\\Documents\\projects\\next-2026\\ecommerce-api\\src\\countries\\countries.controller.ts","statementMap":{"0":{"start":{"line":1,"column":0},"end":{"line":1,"column":83}},"1":{"start":{"line":2,"column":0},"end":{"line":2,"column":55}},"2":{"start":{"line":3,"column":0},"end":{"line":3,"column":60}},"3":{"start":{"line":4,"column":0},"end":{"line":4,"column":60}},"4":{"start":{"line":7,"column":7},"end":{"line":34,"column":null}},"5":{"start":{"line":8,"column":31},"end":{"line":8,"column":49}},"6":{"start":{"line":12,"column":4},"end":{"line":12,"column":45}},"7":{"start":{"line":17,"column":4},"end":{"line":17,"column":43}},"8":{"start":{"line":22,"column":4},"end":{"line":22,"column":45}},"9":{"start":{"line":27,"column":4},"end":{"line":27,"column":49}},"10":{"start":{"line":32,"column":4},"end":{"line":32,"column":44}},"11":{"start":{"line":7,"column":13},"end":{"line":7,"column":32}},"12":{"start":{"line":11,"column":2},"end":{"line":13,"column":null}},"13":{"start":{"line":16,"column":2},"end":{"line":18,"column":null}},"14":{"start":{"line":21,"column":2},"end":{"line":23,"column":null}},"15":{"start":{"line":26,"column":2},"end":{"line":28,"column":null}},"16":{"start":{"line":31,"column":2},"end":{"line":33,"column":null}},"17":{"start":{"line":7,"column":13},"end":{"line":34,"column":null}}},"fnMap":{"0":{"name":"(anonymous_4)","decl":{"start":{"line":8,"column":2},"end":{"line":8,"column":31}},"loc":{"start":{"line":8,"column":65},"end":{"line":8,"column":69}}},"1":{"name":"(anonymous_5)","decl":{"start":{"line":11,"column":2},"end":{"line":11,"column":8}},"loc":{"start":{"line":11,"column":38},"end":{"line":13,"column":3}}},"2":{"name":"(anonymous_6)","decl":{"start":{"line":16,"column":2},"end":{"line":16,"column":9}},"loc":{"start":{"line":16,"column":9},"end":{"line":18,"column":3}}},"3":{"name":"(anonymous_7)","decl":{"start":{"line":21,"column":2},"end":{"line":21,"column":9}},"loc":{"start":{"line":21,"column":33},"end":{"line":23,"column":3}}},"4":{"name":"(anonymous_8)","decl":{"start":{"line":26,"column":2},"end":{"line":26,"column":8}},"loc":{"start":{"line":26,"column":63},"end":{"line":28,"column":3}}},"5":{"name":"(anonymous_9)","decl":{"start":{"line":31,"column":2},"end":{"line":31,"column":8}},"loc":{"start":{"line":31,"column":32},"end":{"line":33,"column":3}}}},"branchMap":{"0":{"loc":{"start":{"line":11,"column":22},"end":{"line":11,"column":null}},"type":"cond-expr","locations":[{"start":{"line":11,"column":38},"end":{"line":11,"column":null}},{"start":{"line":11,"column":38},"end":{"line":11,"column":null}}]},"1":{"loc":{"start":{"line":11,"column":22},"end":{"line":11,"column":38}},"type":"binary-expr","locations":[{"start":{"line":11,"column":22},"end":{"line":11,"column":null}},{"start":{"line":11,"column":22},"end":{"line":11,"column":38}}]},"2":{"loc":{"start":{"line":26,"column":47},"end":{"line":26,"column":null}},"type":"cond-expr","locations":[{"start":{"line":26,"column":63},"end":{"line":26,"column":null}},{"start":{"line":26,"column":63},"end":{"line":26,"column":null}}]},"3":{"loc":{"start":{"line":26,"column":47},"end":{"line":26,"column":63}},"type":"binary-expr","locations":[{"start":{"line":26,"column":47},"end":{"line":26,"column":null}},{"start":{"line":26,"column":47},"end":{"line":26,"column":63}}]},"4":{"loc":{"start":{"line":8,"column":49},"end":{"line":8,"column":68}},"type":"cond-expr","locations":[{"start":{"line":8,"column":65},"end":{"line":8,"column":68}},{"start":{"line":8,"column":65},"end":{"line":8,"column":68}}]},"5":{"loc":{"start":{"line":8,"column":49},"end":{"line":8,"column":65}},"type":"binary-expr","locations":[{"start":{"line":8,"column":49},"end":{"line":8,"column":68}},{"start":{"line":8,"column":49},"end":{"line":8,"column":65}}]}},"s":{"0":1,"1":1,"2":1,"3":1,"4":1,"5":5,"6":1,"7":1,"8":1,"9":1,"10":1,"11":1,"12":1,"13":1,"14":1,"15":1,"16":1,"17":1},"f":{"0":5,"1":1,"2":1,"3":1,"4":1,"5":1},"b":{"0":[1,0],"1":[1,1],"2":[1,0],"3":[1,1],"4":[1,0],"5":[1,1]}}
,"C:\\Users\\lalit\\Documents\\projects\\next-2026\\ecommerce-api\\src\\countries\\countries.module.ts": {"path":"C:\\Users\\lalit\\Documents\\projects\\next-2026\\ecommerce-api\\src\\countries\\countries.module.ts","statementMap":{"0":{"start":{"line":1,"column":0},"end":{"line":1,"column":40}},"1":{"start":{"line":2,"column":0},"end":{"line":2,"column":55}},"2":{"start":{"line":3,"column":0},"end":{"line":3,"column":61}},"3":{"start":{"line":9,"column":7},"end":{"line":9,"column":null}},"4":{"start":{"line":9,"column":13},"end":{"line":9,"column":28}},"5":{"start":{"line":9,"column":13},"end":{"line":9,"column":null}}},"fnMap":{},"branchMap":{},"s":{"0":0,"1":0,"2":0,"3":0,"4":0,"5":0},"f":{},"b":{}}
,"C:\\Users\\lalit\\Documents\\projects\\next-2026\\ecommerce-api\\src\\countries\\countries.service.ts": {"path":"C:\\Users\\lalit\\Documents\\projects\\next-2026\\ecommerce-api\\src\\countries\\countries.service.ts","statementMap":{"0":{"start":{"line":1,"column":0},"end":{"line":1,"column":63}},"1":{"start":{"line":2,"column":0},"end":{"line":2,"column":57}},"2":{"start":{"line":7,"column":7},"end":{"line":33,"column":null}},"3":{"start":{"line":8,"column":31},"end":{"line":8,"column":39}},"4":{"start":{"line":11,"column":4},"end":{"line":11,"column":53}},"5":{"start":{"line":15,"column":4},"end":{"line":15,"column":42}},"6":{"start":{"line":19,"column":20},"end":{"line":19,"column":75}},"7":{"start":{"line":20,"column":4},"end":{"line":20,"column":73}},"8":{"start":{"line":20,"column":18},"end":{"line":20,"column":73}},"9":{"start":{"line":21,"column":4},"end":{"line":21,"column":19}},"10":{"start":{"line":25,"column":4},"end":{"line":25,"column":27}},"11":{"start":{"line":26,"column":4},"end":{"line":26,"column":68}},"12":{"start":{"line":30,"column":4},"end":{"line":30,"column":27}},"13":{"start":{"line":31,"column":4},"end":{"line":31,"column":57}},"14":{"start":{"line":7,"column":13},"end":{"line":7,"column":29}},"15":{"start":{"line":7,"column":13},"end":{"line":33,"column":null}}},"fnMap":{"0":{"name":"(anonymous_2)","decl":{"start":{"line":8,"column":2},"end":{"line":8,"column":31}},"loc":{"start":{"line":8,"column":52},"end":{"line":8,"column":56}}},"1":{"name":"(anonymous_3)","decl":{"start":{"line":10,"column":2},"end":{"line":10,"column":8}},"loc":{"start":{"line":10,"column":30},"end":{"line":12,"column":3}}},"2":{"name":"(anonymous_4)","decl":{"start":{"line":14,"column":2},"end":{"line":14,"column":9}},"loc":{"start":{"line":14,"column":9},"end":{"line":16,"column":3}}},"3":{"name":"(anonymous_5)","decl":{"start":{"line":18,"column":2},"end":{"line":18,"column":7}},"loc":{"start":{"line":18,"column":26},"end":{"line":22,"column":3}}},"4":{"name":"(anonymous_6)","decl":{"start":{"line":24,"column":2},"end":{"line":24,"column":7}},"loc":{"start":{"line":24,"column":48},"end":{"line":27,"column":3}}},"5":{"name":"(anonymous_7)","decl":{"start":{"line":29,"column":2},"end":{"line":29,"column":7}},"loc":{"start":{"line":29,"column":25},"end":{"line":32,"column":3}}}},"branchMap":{"0":{"loc":{"start":{"line":20,"column":4},"end":{"line":20,"column":73}},"type":"if","locations":[{"start":{"line":20,"column":4},"end":{"line":20,"column":73}},{"start":{},"end":{}}]},"1":{"loc":{"start":{"line":8,"column":39},"end":{"line":8,"column":55}},"type":"cond-expr","locations":[{"start":{"line":8,"column":52},"end":{"line":8,"column":55}},{"start":{"line":8,"column":52},"end":{"line":8,"column":55}}]},"2":{"loc":{"start":{"line":8,"column":39},"end":{"line":8,"column":52}},"type":"binary-expr","locations":[{"start":{"line":8,"column":39},"end":{"line":8,"column":55}},{"start":{"line":8,"column":39},"end":{"line":8,"column":52}}]}},"s":{"0":2,"1":2,"2":2,"3":8,"4":1,"5":1,"6":6,"7":6,"8":3,"9":3,"10":2,"11":1,"12":2,"13":1,"14":2,"15":2},"f":{"0":8,"1":1,"2":1,"3":6,"4":2,"5":2},"b":{"0":[3,3],"1":[2,0],"2":[2,2]}}
,"C:\\Users\\lalit\\Documents\\projects\\next-2026\\ecommerce-api\\src\\countries\\dto\\create-country.dto.ts": {"path":"C:\\Users\\lalit\\Documents\\projects\\next-2026\\ecommerce-api\\src\\countries\\dto\\create-country.dto.ts","statementMap":{"0":{"start":{"line":1,"column":0},"end":{"line":1,"column":54}},"1":{"start":{"line":3,"column":0},"end":{"line":3,"column":13}},"2":{"start":{"line":5,"column":2},"end":{"line":5,"column":null}},"3":{"start":{"line":9,"column":2},"end":{"line":9,"column":null}}},"fnMap":{},"branchMap":{},"s":{"0":1,"1":1,"2":1,"3":1},"f":{},"b":{}}
,"C:\\Users\\lalit\\Documents\\projects\\next-2026\\ecommerce-api\\src\\countries\\dto\\update-country.dto.ts": {"path":"C:\\Users\\lalit\\Documents\\projects\\next-2026\\ecommerce-api\\src\\countries\\dto\\update-country.dto.ts","statementMap":{"0":{"start":{"line":1,"column":0},"end":{"line":1,"column":51}},"1":{"start":{"line":2,"column":0},"end":{"line":2,"column":56}},"2":{"start":{"line":4,"column":0},"end":{"line":4,"column":13}}},"fnMap":{},"branchMap":{},"s":{"0":1,"1":1,"2":1},"f":{},"b":{}}
,"C:\\Users\\lalit\\Documents\\projects\\next-2026\\ecommerce-api\\src\\order-addresses\\order-addresses.controller.ts": {"path":"C:\\Users\\lalit\\Documents\\projects\\next-2026\\ecommerce-api\\src\\order-addresses\\order-addresses.controller.ts","statementMap":{"0":{"start":{"line":1,"column":0},"end":{"line":1,"column":83}},"1":{"start":{"line":2,"column":0},"end":{"line":2,"column":66}},"2":{"start":{"line":3,"column":0},"end":{"line":3,"column":71}},"3":{"start":{"line":4,"column":0},"end":{"line":4,"column":71}},"4":{"start":{"line":7,"column":7},"end":{"line":34,"column":null}},"5":{"start":{"line":8,"column":31},"end":{"line":8,"column":54}},"6":{"start":{"line":12,"column":4},"end":{"line":12,"column":50}},"7":{"start":{"line":17,"column":4},"end":{"line":17,"column":48}},"8":{"start":{"line":22,"column":4},"end":{"line":22,"column":50}},"9":{"start":{"line":27,"column":4},"end":{"line":27,"column":54}},"10":{"start":{"line":32,"column":4},"end":{"line":32,"column":49}},"11":{"start":{"line":7,"column":13},"end":{"line":7,"column":37}},"12":{"start":{"line":11,"column":2},"end":{"line":13,"column":null}},"13":{"start":{"line":16,"column":2},"end":{"line":18,"column":null}},"14":{"start":{"line":21,"column":2},"end":{"line":23,"column":null}},"15":{"start":{"line":26,"column":2},"end":{"line":28,"column":null}},"16":{"start":{"line":31,"column":2},"end":{"line":33,"column":null}},"17":{"start":{"line":7,"column":13},"end":{"line":34,"column":null}}},"fnMap":{"0":{"name":"(anonymous_4)","decl":{"start":{"line":8,"column":2},"end":{"line":8,"column":31}},"loc":{"start":{"line":8,"column":75},"end":{"line":8,"column":79}}},"1":{"name":"(anonymous_5)","decl":{"start":{"line":11,"column":2},"end":{"line":11,"column":8}},"loc":{"start":{"line":11,"column":43},"end":{"line":13,"column":3}}},"2":{"name":"(anonymous_6)","decl":{"start":{"line":16,"column":2},"end":{"line":16,"column":9}},"loc":{"start":{"line":16,"column":9},"end":{"line":18,"column":3}}},"3":{"name":"(anonymous_7)","decl":{"start":{"line":21,"column":2},"end":{"line":21,"column":9}},"loc":{"start":{"line":21,"column":33},"end":{"line":23,"column":3}}},"4":{"name":"(anonymous_8)","decl":{"start":{"line":26,"column":2},"end":{"line":26,"column":8}},"loc":{"start":{"line":26,"column":68},"end":{"line":28,"column":3}}},"5":{"name":"(anonymous_9)","decl":{"start":{"line":31,"column":2},"end":{"line":31,"column":8}},"loc":{"start":{"line":31,"column":32},"end":{"line":33,"column":3}}}},"branchMap":{"0":{"loc":{"start":{"line":11,"column":22},"end":{"line":11,"column":null}},"type":"cond-expr","locations":[{"start":{"line":11,"column":43},"end":{"line":11,"column":null}},{"start":{"line":11,"column":43},"end":{"line":11,"column":null}}]},"1":{"loc":{"start":{"line":11,"column":22},"end":{"line":11,"column":43}},"type":"binary-expr","locations":[{"start":{"line":11,"column":22},"end":{"line":11,"column":null}},{"start":{"line":11,"column":22},"end":{"line":11,"column":43}}]},"2":{"loc":{"start":{"line":26,"column":47},"end":{"line":26,"column":null}},"type":"cond-expr","locations":[{"start":{"line":26,"column":68},"end":{"line":26,"column":null}},{"start":{"line":26,"column":68},"end":{"line":26,"column":null}}]},"3":{"loc":{"start":{"line":26,"column":47},"end":{"line":26,"column":68}},"type":"binary-expr","locations":[{"start":{"line":26,"column":47},"end":{"line":26,"column":null}},{"start":{"line":26,"column":47},"end":{"line":26,"column":68}}]},"4":{"loc":{"start":{"line":8,"column":54},"end":{"line":8,"column":78}},"type":"cond-expr","locations":[{"start":{"line":8,"column":75},"end":{"line":8,"column":78}},{"start":{"line":8,"column":75},"end":{"line":8,"column":78}}]},"5":{"loc":{"start":{"line":8,"column":54},"end":{"line":8,"column":75}},"type":"binary-expr","locations":[{"start":{"line":8,"column":54},"end":{"line":8,"column":78}},{"start":{"line":8,"column":54},"end":{"line":8,"column":75}}]}},"s":{"0":1,"1":1,"2":1,"3":1,"4":1,"5":5,"6":1,"7":1,"8":1,"9":1,"10":1,"11":1,"12":1,"13":1,"14":1,"15":1,"16":1,"17":1},"f":{"0":5,"1":1,"2":1,"3":1,"4":1,"5":1},"b":{"0":[1,0],"1":[1,1],"2":[1,0],"3":[1,1],"4":[1,0],"5":[1,1]}}
,"C:\\Users\\lalit\\Documents\\projects\\next-2026\\ecommerce-api\\src\\order-addresses\\order-addresses.module.ts": {"path":"C:\\Users\\lalit\\Documents\\projects\\next-2026\\ecommerce-api\\src\\order-addresses\\order-addresses.module.ts","statementMap":{"0":{"start":{"line":1,"column":0},"end":{"line":1,"column":40}},"1":{"start":{"line":2,"column":0},"end":{"line":2,"column":66}},"2":{"start":{"line":3,"column":0},"end":{"line":3,"column":72}},"3":{"start":{"line":9,"column":7},"end":{"line":9,"column":null}},"4":{"start":{"line":9,"column":13},"end":{"line":9,"column":33}},"5":{"start":{"line":9,"column":13},"end":{"line":9,"column":null}}},"fnMap":{},"branchMap":{},"s":{"0":0,"1":0,"2":0,"3":0,"4":0,"5":0},"f":{},"b":{}}
,"C:\\Users\\lalit\\Documents\\projects\\next-2026\\ecommerce-api\\src\\order-addresses\\order-addresses.service.ts": {"path":"C:\\Users\\lalit\\Documents\\projects\\next-2026\\ecommerce-api\\src\\order-addresses\\order-addresses.service.ts","statementMap":{"0":{"start":{"line":1,"column":0},"end":{"line":1,"column":63}},"1":{"start":{"line":2,"column":0},"end":{"line":2,"column":57}},"2":{"start":{"line":7,"column":7},"end":{"line":33,"column":null}},"3":{"start":{"line":8,"column":31},"end":{"line":8,"column":39}},"4":{"start":{"line":11,"column":4},"end":{"line":11,"column":58}},"5":{"start":{"line":15,"column":4},"end":{"line":15,"column":47}},"6":{"start":{"line":19,"column":20},"end":{"line":19,"column":80}},"7":{"start":{"line":20,"column":4},"end":{"line":20,"column":78}},"8":{"start":{"line":20,"column":18},"end":{"line":20,"column":78}},"9":{"start":{"line":21,"column":4},"end":{"line":21,"column":19}},"10":{"start":{"line":25,"column":4},"end":{"line":25,"column":27}},"11":{"start":{"line":26,"column":4},"end":{"line":26,"column":73}},"12":{"start":{"line":30,"column":4},"end":{"line":30,"column":27}},"13":{"start":{"line":31,"column":4},"end":{"line":31,"column":62}},"14":{"start":{"line":7,"column":13},"end":{"line":7,"column":34}},"15":{"start":{"line":7,"column":13},"end":{"line":33,"column":null}}},"fnMap":{"0":{"name":"(anonymous_2)","decl":{"start":{"line":8,"column":2},"end":{"line":8,"column":31}},"loc":{"start":{"line":8,"column":52},"end":{"line":8,"column":56}}},"1":{"name":"(anonymous_3)","decl":{"start":{"line":10,"column":2},"end":{"line":10,"column":8}},"loc":{"start":{"line":10,"column":35},"end":{"line":12,"column":3}}},"2":{"name":"(anonymous_4)","decl":{"start":{"line":14,"column":2},"end":{"line":14,"column":9}},"loc":{"start":{"line":14,"column":9},"end":{"line":16,"column":3}}},"3":{"name":"(anonymous_5)","decl":{"start":{"line":18,"column":2},"end":{"line":18,"column":7}},"loc":{"start":{"line":18,"column":26},"end":{"line":22,"column":3}}},"4":{"name":"(anonymous_6)","decl":{"start":{"line":24,"column":2},"end":{"line":24,"column":7}},"loc":{"start":{"line":24,"column":53},"end":{"line":27,"column":3}}},"5":{"name":"(anonymous_7)","decl":{"start":{"line":29,"column":2},"end":{"line":29,"column":7}},"loc":{"start":{"line":29,"column":25},"end":{"line":32,"column":3}}}},"branchMap":{"0":{"loc":{"start":{"line":20,"column":4},"end":{"line":20,"column":78}},"type":"if","locations":[{"start":{"line":20,"column":4},"end":{"line":20,"column":78}},{"start":{},"end":{}}]},"1":{"loc":{"start":{"line":8,"column":39},"end":{"line":8,"column":55}},"type":"cond-expr","locations":[{"start":{"line":8,"column":52},"end":{"line":8,"column":55}},{"start":{"line":8,"column":52},"end":{"line":8,"column":55}}]},"2":{"loc":{"start":{"line":8,"column":39},"end":{"line":8,"column":52}},"type":"binary-expr","locations":[{"start":{"line":8,"column":39},"end":{"line":8,"column":55}},{"start":{"line":8,"column":39},"end":{"line":8,"column":52}}]}},"s":{"0":2,"1":2,"2":2,"3":8,"4":1,"5":1,"6":6,"7":6,"8":3,"9":3,"10":2,"11":1,"12":2,"13":1,"14":2,"15":2},"f":{"0":8,"1":1,"2":1,"3":6,"4":2,"5":2},"b":{"0":[3,3],"1":[2,0],"2":[2,2]}}
,"C:\\Users\\lalit\\Documents\\projects\\next-2026\\ecommerce-api\\src\\order-addresses\\dto\\create-order-address.dto.ts": {"path":"C:\\Users\\lalit\\Documents\\projects\\next-2026\\ecommerce-api\\src\\order-addresses\\dto\\create-order-address.dto.ts","statementMap":{"0":{"start":{"line":1,"column":0},"end":{"line":1,"column":66}},"1":{"start":{"line":3,"column":0},"end":{"line":3,"column":13}},"2":{"start":{"line":6,"column":2},"end":{"line":6,"column":null}},"3":{"start":{"line":10,"column":2},"end":{"line":10,"column":null}},"4":{"start":{"line":13,"column":2},"end":{"line":13,"column":null}},"5":{"start":{"line":17,"column":2},"end":{"line":17,"column":null}},"6":{"start":{"line":20,"column":2},"end":{"line":20,"column":null}},"7":{"start":{"line":23,"column":2},"end":{"line":23,"column":null}},"8":{"start":{"line":26,"column":2},"end":{"line":26,"column":null}},"9":{"start":{"line":29,"column":2},"end":{"line":29,"column":null}},"10":{"start":{"line":32,"column":2},"end":{"line":32,"column":null}}},"fnMap":{},"branchMap":{},"s":{"0":1,"1":1,"2":1,"3":1,"4":1,"5":1,"6":1,"7":1,"8":1,"9":1,"10":1},"f":{},"b":{}}
,"C:\\Users\\lalit\\Documents\\projects\\next-2026\\ecommerce-api\\src\\order-addresses\\dto\\update-order-address.dto.ts": {"path":"C:\\Users\\lalit\\Documents\\projects\\next-2026\\ecommerce-api\\src\\order-addresses\\dto\\update-order-address.dto.ts","statementMap":{"0":{"start":{"line":1,"column":0},"end":{"line":1,"column":51}},"1":{"start":{"line":2,"column":0},"end":{"line":2,"column":67}},"2":{"start":{"line":4,"column":0},"end":{"line":4,"column":13}}},"fnMap":{},"branchMap":{},"s":{"0":1,"1":1,"2":1},"f":{},"b":{}}
,"C:\\Users\\lalit\\Documents\\projects\\next-2026\\ecommerce-api\\src\\order-items\\order-items.controller.ts": {"path":"C:\\Users\\lalit\\Documents\\projects\\next-2026\\ecommerce-api\\src\\order-items\\order-items.controller.ts","statementMap":{"0":{"start":{"line":1,"column":0},"end":{"line":1,"column":83}},"1":{"start":{"line":2,"column":0},"end":{"line":2,"column":58}},"2":{"start":{"line":3,"column":0},"end":{"line":3,"column":65}},"3":{"start":{"line":4,"column":0},"end":{"line":4,"column":65}},"4":{"start":{"line":7,"column":7},"end":{"line":34,"column":null}},"5":{"start":{"line":8,"column":31},"end":{"line":8,"column":50}},"6":{"start":{"line":12,"column":4},"end":{"line":12,"column":46}},"7":{"start":{"line":17,"column":4},"end":{"line":17,"column":44}},"8":{"start":{"line":22,"column":4},"end":{"line":22,"column":46}},"9":{"start":{"line":27,"column":4},"end":{"line":27,"column":50}},"10":{"start":{"line":32,"column":4},"end":{"line":32,"column":45}},"11":{"start":{"line":7,"column":13},"end":{"line":7,"column":33}},"12":{"start":{"line":11,"column":2},"end":{"line":13,"column":null}},"13":{"start":{"line":16,"column":2},"end":{"line":18,"column":null}},"14":{"start":{"line":21,"column":2},"end":{"line":23,"column":null}},"15":{"start":{"line":26,"column":2},"end":{"line":28,"column":null}},"16":{"start":{"line":31,"column":2},"end":{"line":33,"column":null}},"17":{"start":{"line":7,"column":13},"end":{"line":34,"column":null}}},"fnMap":{"0":{"name":"(anonymous_4)","decl":{"start":{"line":8,"column":2},"end":{"line":8,"column":31}},"loc":{"start":{"line":8,"column":67},"end":{"line":8,"column":71}}},"1":{"name":"(anonymous_5)","decl":{"start":{"line":11,"column":2},"end":{"line":11,"column":8}},"loc":{"start":{"line":11,"column":40},"end":{"line":13,"column":3}}},"2":{"name":"(anonymous_6)","decl":{"start":{"line":16,"column":2},"end":{"line":16,"column":9}},"loc":{"start":{"line":16,"column":9},"end":{"line":18,"column":3}}},"3":{"name":"(anonymous_7)","decl":{"start":{"line":21,"column":2},"end":{"line":21,"column":9}},"loc":{"start":{"line":21,"column":33},"end":{"line":23,"column":3}}},"4":{"name":"(anonymous_8)","decl":{"start":{"line":26,"column":2},"end":{"line":26,"column":8}},"loc":{"start":{"line":26,"column":65},"end":{"line":28,"column":3}}},"5":{"name":"(anonymous_9)","decl":{"start":{"line":31,"column":2},"end":{"line":31,"column":8}},"loc":{"start":{"line":31,"column":32},"end":{"line":33,"column":3}}}},"branchMap":{"0":{"loc":{"start":{"line":11,"column":22},"end":{"line":11,"column":null}},"type":"cond-expr","locations":[{"start":{"line":11,"column":40},"end":{"line":11,"column":null}},{"start":{"line":11,"column":40},"end":{"line":11,"column":null}}]},"1":{"loc":{"start":{"line":11,"column":22},"end":{"line":11,"column":40}},"type":"binary-expr","locations":[{"start":{"line":11,"column":22},"end":{"line":11,"column":null}},{"start":{"line":11,"column":22},"end":{"line":11,"column":40}}]},"2":{"loc":{"start":{"line":26,"column":47},"end":{"line":26,"column":null}},"type":"cond-expr","locations":[{"start":{"line":26,"column":65},"end":{"line":26,"column":null}},{"start":{"line":26,"column":65},"end":{"line":26,"column":null}}]},"3":{"loc":{"start":{"line":26,"column":47},"end":{"line":26,"column":65}},"type":"binary-expr","locations":[{"start":{"line":26,"column":47},"end":{"line":26,"column":null}},{"start":{"line":26,"column":47},"end":{"line":26,"column":65}}]},"4":{"loc":{"start":{"line":8,"column":50},"end":{"line":8,"column":70}},"type":"cond-expr","locations":[{"start":{"line":8,"column":67},"end":{"line":8,"column":70}},{"start":{"line":8,"column":67},"end":{"line":8,"column":70}}]},"5":{"loc":{"start":{"line":8,"column":50},"end":{"line":8,"column":67}},"type":"binary-expr","locations":[{"start":{"line":8,"column":50},"end":{"line":8,"column":70}},{"start":{"line":8,"column":50},"end":{"line":8,"column":67}}]}},"s":{"0":1,"1":1,"2":1,"3":1,"4":1,"5":5,"6":1,"7":1,"8":1,"9":1,"10":1,"11":1,"12":1,"13":1,"14":1,"15":1,"16":1,"17":1},"f":{"0":5,"1":1,"2":1,"3":1,"4":1,"5":1},"b":{"0":[1,0],"1":[1,1],"2":[1,0],"3":[1,1],"4":[1,0],"5":[1,1]}}
,"C:\\Users\\lalit\\Documents\\projects\\next-2026\\ecommerce-api\\src\\order-items\\order-items.module.ts": {"path":"C:\\Users\\lalit\\Documents\\projects\\next-2026\\ecommerce-api\\src\\order-items\\order-items.module.ts","statementMap":{"0":{"start":{"line":1,"column":0},"end":{"line":1,"column":40}},"1":{"start":{"line":2,"column":0},"end":{"line":2,"column":58}},"2":{"start":{"line":3,"column":0},"end":{"line":3,"column":64}},"3":{"start":{"line":9,"column":7},"end":{"line":9,"column":null}},"4":{"start":{"line":9,"column":13},"end":{"line":9,"column":29}},"5":{"start":{"line":9,"column":13},"end":{"line":9,"column":null}}},"fnMap":{},"branchMap":{},"s":{"0":0,"1":0,"2":0,"3":0,"4":0,"5":0},"f":{},"b":{}}
,"C:\\Users\\lalit\\Documents\\projects\\next-2026\\ecommerce-api\\src\\order-items\\order-items.service.ts": {"path":"C:\\Users\\lalit\\Documents\\projects\\next-2026\\ecommerce-api\\src\\order-items\\order-items.service.ts","statementMap":{"0":{"start":{"line":1,"column":0},"end":{"line":1,"column":63}},"1":{"start":{"line":2,"column":0},"end":{"line":2,"column":57}},"2":{"start":{"line":7,"column":7},"end":{"line":33,"column":null}},"3":{"start":{"line":8,"column":31},"end":{"line":8,"column":39}},"4":{"start":{"line":11,"column":4},"end":{"line":11,"column":55}},"5":{"start":{"line":15,"column":4},"end":{"line":15,"column":44}},"6":{"start":{"line":19,"column":17},"end":{"line":19,"column":74}},"7":{"start":{"line":20,"column":4},"end":{"line":20,"column":72}},"8":{"start":{"line":20,"column":15},"end":{"line":20,"column":72}},"9":{"start":{"line":21,"column":4},"end":{"line":21,"column":16}},"10":{"start":{"line":25,"column":4},"end":{"line":25,"column":27}},"11":{"start":{"line":26,"column":4},"end":{"line":26,"column":70}},"12":{"start":{"line":30,"column":4},"end":{"line":30,"column":27}},"13":{"start":{"line":31,"column":4},"end":{"line":31,"column":59}},"14":{"start":{"line":7,"column":13},"end":{"line":7,"column":30}},"15":{"start":{"line":7,"column":13},"end":{"line":33,"column":null}}},"fnMap":{"0":{"name":"(anonymous_2)","decl":{"start":{"line":8,"column":2},"end":{"line":8,"column":31}},"loc":{"start":{"line":8,"column":52},"end":{"line":8,"column":56}}},"1":{"name":"(anonymous_3)","decl":{"start":{"line":10,"column":2},"end":{"line":10,"column":8}},"loc":{"start":{"line":10,"column":32},"end":{"line":12,"column":3}}},"2":{"name":"(anonymous_4)","decl":{"start":{"line":14,"column":2},"end":{"line":14,"column":9}},"loc":{"start":{"line":14,"column":9},"end":{"line":16,"column":3}}},"3":{"name":"(anonymous_5)","decl":{"start":{"line":18,"column":2},"end":{"line":18,"column":7}},"loc":{"start":{"line":18,"column":26},"end":{"line":22,"column":3}}},"4":{"name":"(anonymous_6)","decl":{"start":{"line":24,"column":2},"end":{"line":24,"column":7}},"loc":{"start":{"line":24,"column":50},"end":{"line":27,"column":3}}},"5":{"name":"(anonymous_7)","decl":{"start":{"line":29,"column":2},"end":{"line":29,"column":7}},"loc":{"start":{"line":29,"column":25},"end":{"line":32,"column":3}}}},"branchMap":{"0":{"loc":{"start":{"line":20,"column":4},"end":{"line":20,"column":72}},"type":"if","locations":[{"start":{"line":20,"column":4},"end":{"line":20,"column":72}},{"start":{},"end":{}}]},"1":{"loc":{"start":{"line":8,"column":39},"end":{"line":8,"column":55}},"type":"cond-expr","locations":[{"start":{"line":8,"column":52},"end":{"line":8,"column":55}},{"start":{"line":8,"column":52},"end":{"line":8,"column":55}}]},"2":{"loc":{"start":{"line":8,"column":39},"end":{"line":8,"column":52}},"type":"binary-expr","locations":[{"start":{"line":8,"column":39},"end":{"line":8,"column":55}},{"start":{"line":8,"column":39},"end":{"line":8,"column":52}}]}},"s":{"0":2,"1":2,"2":2,"3":8,"4":1,"5":1,"6":6,"7":6,"8":3,"9":3,"10":2,"11":1,"12":2,"13":1,"14":2,"15":2},"f":{"0":8,"1":1,"2":1,"3":6,"4":2,"5":2},"b":{"0":[3,3],"1":[2,0],"2":[2,2]}}
,"C:\\Users\\lalit\\Documents\\projects\\next-2026\\ecommerce-api\\src\\order-items\\dto\\create-order-item.dto.ts": {"path":"C:\\Users\\lalit\\Documents\\projects\\next-2026\\ecommerce-api\\src\\order-items\\dto\\create-order-item.dto.ts","statementMap":{"0":{"start":{"line":1,"column":0},"end":{"line":1,"column":73}},"1":{"start":{"line":2,"column":0},"end":{"line":2,"column":38}},"2":{"start":{"line":4,"column":0},"end":{"line":4,"column":13}},"3":{"start":{"line":7,"column":2},"end":{"line":7,"column":null}},"4":{"start":{"line":11,"column":2},"end":{"line":11,"column":null}},"5":{"start":{"line":14,"column":2},"end":{"line":14,"column":null}},"6":{"start":{"line":17,"column":2},"end":{"line":17,"column":null}},"7":{"start":{"line":20,"column":2},"end":{"line":20,"column":null}}},"fnMap":{},"branchMap":{"0":{"loc":{"start":{"line":14,"column":8},"end":{"line":14,"column":13}},"type":"cond-expr","locations":[{"start":{"line":14,"column":12},"end":{"line":14,"column":13}},{"start":{"line":14,"column":12},"end":{"line":14,"column":13}}]},"1":{"loc":{"start":{"line":14,"column":8},"end":{"line":14,"column":12}},"type":"binary-expr","locations":[{"start":{"line":14,"column":8},"end":{"line":14,"column":13}},{"start":{"line":14,"column":8},"end":{"line":14,"column":12}}]}},"s":{"0":1,"1":1,"2":1,"3":1,"4":1,"5":1,"6":1,"7":1},"f":{},"b":{"0":[0,1],"1":[1,1]}}
,"C:\\Users\\lalit\\Documents\\projects\\next-2026\\ecommerce-api\\src\\order-items\\dto\\update-order-item.dto.ts": {"path":"C:\\Users\\lalit\\Documents\\projects\\next-2026\\ecommerce-api\\src\\order-items\\dto\\update-order-item.dto.ts","statementMap":{"0":{"start":{"line":1,"column":0},"end":{"line":1,"column":51}},"1":{"start":{"line":2,"column":0},"end":{"line":2,"column":61}},"2":{"start":{"line":4,"column":0},"end":{"line":4,"column":13}}},"fnMap":{},"branchMap":{},"s":{"0":1,"1":1,"2":1},"f":{},"b":{}}
,"C:\\Users\\lalit\\Documents\\projects\\next-2026\\ecommerce-api\\src\\orders\\orders.controller.ts": {"path":"C:\\Users\\lalit\\Documents\\projects\\next-2026\\ecommerce-api\\src\\orders\\orders.controller.ts","statementMap":{"0":{"start":{"line":1,"column":0},"end":{"line":1,"column":94}},"1":{"start":{"line":2,"column":0},"end":{"line":2,"column":71}},"2":{"start":{"line":3,"column":0},"end":{"line":3,"column":49}},"3":{"start":{"line":4,"column":0},"end":{"line":4,"column":56}},"4":{"start":{"line":5,"column":0},"end":{"line":5,"column":56}},"5":{"start":{"line":6,"column":0},"end":{"line":6,"column":62}},"6":{"start":{"line":7,"column":0},"end":{"line":7,"column":54}},"7":{"start":{"line":8,"column":0},"end":{"line":8,"column":54}},"8":{"start":{"line":9,"column":0},"end":{"line":9,"column":72}},"9":{"start":{"line":15,"column":7},"end":{"line":65,"column":null}},"10":{"start":{"line":16,"column":31},"end":{"line":16,"column":46}},"11":{"start":{"line":21,"column":4},"end":{"line":21,"column":42}},"12":{"start":{"line":27,"column":4},"end":{"line":27,"column":55}},"13":{"start":{"line":33,"column":4},"end":{"line":33,"column":40}},"14":{"start":{"line":39,"column":4},"end":{"line":39,"column":49}},"15":{"start":{"line":45,"column":4},"end":{"line":45,"column":42}},"16":{"start":{"line":51,"column":4},"end":{"line":51,"column":46}},"17":{"start":{"line":57,"column":4},"end":{"line":57,"column":54}},"18":{"start":{"line":63,"column":4},"end":{"line":63,"column":41}},"19":{"start":{"line":15,"column":13},"end":{"line":15,"column":29}},"20":{"start":{"line":20,"column":2},"end":{"line":22,"column":null}},"21":{"start":{"line":26,"column":2},"end":{"line":28,"column":null}},"22":{"start":{"line":32,"column":2},"end":{"line":34,"column":null}},"23":{"start":{"line":38,"column":2},"end":{"line":40,"column":null}},"24":{"start":{"line":44,"column":2},"end":{"line":46,"column":null}},"25":{"start":{"line":50,"column":2},"end":{"line":52,"column":null}},"26":{"start":{"line":56,"column":2},"end":{"line":58,"column":null}},"27":{"start":{"line":62,"column":2},"end":{"line":64,"column":null}},"28":{"start":{"line":15,"column":13},"end":{"line":65,"column":null}}},"fnMap":{"0":{"name":"(anonymous_4)","decl":{"start":{"line":16,"column":2},"end":{"line":16,"column":31}},"loc":{"start":{"line":16,"column":59},"end":{"line":16,"column":63}}},"1":{"name":"(anonymous_5)","decl":{"start":{"line":20,"column":2},"end":{"line":20,"column":8}},"loc":{"start":{"line":20,"column":36},"end":{"line":22,"column":3}}},"2":{"name":"(anonymous_6)","decl":{"start":{"line":26,"column":2},"end":{"line":26,"column":12}},"loc":{"start":{"line":26,"column":76},"end":{"line":28,"column":3}}},"3":{"name":"(anonymous_7)","decl":{"start":{"line":32,"column":2},"end":{"line":32,"column":9}},"loc":{"start":{"line":32,"column":9},"end":{"line":34,"column":3}}},"4":{"name":"(anonymous_8)","decl":{"start":{"line":38,"column":2},"end":{"line":38,"column":12}},"loc":{"start":{"line":38,"column":44},"end":{"line":40,"column":3}}},"5":{"name":"(anonymous_9)","decl":{"start":{"line":44,"column":2},"end":{"line":44,"column":9}},"loc":{"start":{"line":44,"column":33},"end":{"line":46,"column":3}}},"6":{"name":"(anonymous_10)","decl":{"start":{"line":50,"column":2},"end":{"line":50,"column":8}},"loc":{"start":{"line":50,"column":61},"end":{"line":52,"column":3}}},"7":{"name":"(anonymous_11)","decl":{"start":{"line":56,"column":2},"end":{"line":56,"column":16}},"loc":{"start":{"line":56,"column":72},"end":{"line":58,"column":3}}},"8":{"name":"(anonymous_12)","decl":{"start":{"line":62,"column":2},"end":{"line":62,"column":8}},"loc":{"start":{"line":62,"column":32},"end":{"line":64,"column":3}}}},"branchMap":{"0":{"loc":{"start":{"line":20,"column":22},"end":{"line":20,"column":null}},"type":"cond-expr","locations":[{"start":{"line":20,"column":36},"end":{"line":20,"column":null}},{"start":{"line":20,"column":36},"end":{"line":20,"column":null}}]},"1":{"loc":{"start":{"line":20,"column":22},"end":{"line":20,"column":36}},"type":"binary-expr","locations":[{"start":{"line":20,"column":22},"end":{"line":20,"column":null}},{"start":{"line":20,"column":22},"end":{"line":20,"column":36}}]},"2":{"loc":{"start":{"line":26,"column":63},"end":{"line":26,"column":null}},"type":"cond-expr","locations":[{"start":{"line":26,"column":76},"end":{"line":26,"column":null}},{"start":{"line":26,"column":76},"end":{"line":26,"column":null}}]},"3":{"loc":{"start":{"line":26,"column":63},"end":{"line":26,"column":76}},"type":"binary-expr","locations":[{"start":{"line":26,"column":63},"end":{"line":26,"column":null}},{"start":{"line":26,"column":63},"end":{"line":26,"column":76}}]},"4":{"loc":{"start":{"line":50,"column":47},"end":{"line":50,"column":null}},"type":"cond-expr","locations":[{"start":{"line":50,"column":61},"end":{"line":50,"column":null}},{"start":{"line":50,"column":61},"end":{"line":50,"column":null}}]},"5":{"loc":{"start":{"line":50,"column":47},"end":{"line":50,"column":61}},"type":"binary-expr","locations":[{"start":{"line":50,"column":47},"end":{"line":50,"column":null}},{"start":{"line":50,"column":47},"end":{"line":50,"column":61}}]},"6":{"loc":{"start":{"line":56,"column":55},"end":{"line":56,"column":null}},"type":"cond-expr","locations":[{"start":{"line":56,"column":72},"end":{"line":56,"column":null}},{"start":{"line":56,"column":72},"end":{"line":56,"column":null}}]},"7":{"loc":{"start":{"line":56,"column":55},"end":{"line":56,"column":72}},"type":"binary-expr","locations":[{"start":{"line":56,"column":55},"end":{"line":56,"column":null}},{"start":{"line":56,"column":55},"end":{"line":56,"column":72}}]},"8":{"loc":{"start":{"line":16,"column":46},"end":{"line":16,"column":62}},"type":"cond-expr","locations":[{"start":{"line":16,"column":59},"end":{"line":16,"column":62}},{"start":{"line":16,"column":59},"end":{"line":16,"column":62}}]},"9":{"loc":{"start":{"line":16,"column":46},"end":{"line":16,"column":59}},"type":"binary-expr","locations":[{"start":{"line":16,"column":46},"end":{"line":16,"column":62}},{"start":{"line":16,"column":46},"end":{"line":16,"column":59}}]}},"s":{"0":1,"1":1,"2":1,"3":1,"4":1,"5":1,"6":1,"7":1,"8":1,"9":1,"10":8,"11":1,"12":1,"13":1,"14":1,"15":1,"16":1,"17":1,"18":1,"19":1,"20":1,"21":1,"22":1,"23":1,"24":1,"25":1,"26":1,"27":1,"28":1},"f":{"0":8,"1":1,"2":1,"3":1,"4":1,"5":1,"6":1,"7":1,"8":1},"b":{"0":[1,0],"1":[1,1],"2":[1,0],"3":[1,1],"4":[1,0],"5":[1,1],"6":[1,0],"7":[1,1],"8":[1,0],"9":[1,1]}}
,"C:\\Users\\lalit\\Documents\\projects\\next-2026\\ecommerce-api\\src\\orders\\orders.module.ts": {"path":"C:\\Users\\lalit\\Documents\\projects\\next-2026\\ecommerce-api\\src\\orders\\orders.module.ts","statementMap":{"0":{"start":{"line":1,"column":0},"end":{"line":1,"column":40}},"1":{"start":{"line":2,"column":0},"end":{"line":2,"column":49}},"2":{"start":{"line":3,"column":0},"end":{"line":3,"column":55}},"3":{"start":{"line":4,"column":0},"end":{"line":4,"column":49}},"4":{"start":{"line":11,"column":7},"end":{"line":11,"column":null}},"5":{"start":{"line":11,"column":13},"end":{"line":11,"column":25}},"6":{"start":{"line":11,"column":13},"end":{"line":11,"column":null}}},"fnMap":{},"branchMap":{},"s":{"0":0,"1":0,"2":0,"3":0,"4":0,"5":0,"6":0},"f":{},"b":{}}
,"C:\\Users\\lalit\\Documents\\projects\\next-2026\\ecommerce-api\\src\\orders\\orders.service.ts": {"path":"C:\\Users\\lalit\\Documents\\projects\\next-2026\\ecommerce-api\\src\\orders\\orders.service.ts","statementMap":{"0":{"start":{"line":1,"column":0},"end":{"line":1,"column":84}},"1":{"start":{"line":2,"column":0},"end":{"line":2,"column":57}},"2":{"start":{"line":9,"column":7},"end":{"line":140,"column":null}},"3":{"start":{"line":10,"column":31},"end":{"line":10,"column":39}},"4":{"start":{"line":13,"column":4},"end":{"line":13,"column":51}},"5":{"start":{"line":17,"column":4},"end":{"line":20,"column":7}},"6":{"start":{"line":24,"column":18},"end":{"line":43,"column":6}},"7":{"start":{"line":44,"column":4},"end":{"line":44,"column":69}},"8":{"start":{"line":44,"column":16},"end":{"line":44,"column":69}},"9":{"start":{"line":45,"column":4},"end":{"line":45,"column":17}},"10":{"start":{"line":49,"column":4},"end":{"line":52,"column":7}},"11":{"start":{"line":56,"column":23},"end":{"line":56,"column":56}},"12":{"start":{"line":56,"column":44},"end":{"line":56,"column":55}},"13":{"start":{"line":58,"column":21},"end":{"line":60,"column":6}},"14":{"start":{"line":62,"column":4},"end":{"line":64,"column":5}},"15":{"start":{"line":63,"column":6},"end":{"line":63,"column":70}},"16":{"start":{"line":66,"column":19},"end":{"line":66,"column":20}},"17":{"start":{"line":66,"column":28},"end":{"line":66,"column":29}},"18":{"start":{"line":66,"column":39},"end":{"line":66,"column":40}},"19":{"start":{"line":66,"column":57},"end":{"line":66,"column":58}},"20":{"start":{"line":67,"column":4},"end":{"line":74,"column":5}},"21":{"start":{"line":68,"column":22},"end":{"line":68,"column":68}},"22":{"start":{"line":68,"column":43},"end":{"line":68,"column":66}},"23":{"start":{"line":69,"column":19},"end":{"line":69,"column":48}},"24":{"start":{"line":70,"column":6},"end":{"line":70,"column":23}},"25":{"start":{"line":71,"column":6},"end":{"line":71,"column":25}},"26":{"start":{"line":72,"column":6},"end":{"line":72,"column":27}},"27":{"start":{"line":73,"column":6},"end":{"line":73,"column":36}},"28":{"start":{"line":76,"column":4},"end":{"line":120,"column":5}},"29":{"start":{"line":77,"column":20},"end":{"line":114,"column":8}},"30":{"start":{"line":78,"column":8},"end":{"line":86,"column":9}},"31":{"start":{"line":79,"column":26},"end":{"line":82,"column":12}},"32":{"start":{"line":83,"column":10},"end":{"line":85,"column":11}},"33":{"start":{"line":84,"column":12},"end":{"line":84,"column":78}},"34":{"start":{"line":88,"column":22},"end":{"line":107,"column":10}},"35":{"start":{"line":98,"column":47},"end":{"line":103,"column":18}},"36":{"start":{"line":102,"column":46},"end":{"line":102,"column":69}},"37":{"start":{"line":109,"column":8},"end":{"line":111,"column":11}},"38":{"start":{"line":113,"column":8},"end":{"line":113,"column":21}},"39":{"start":{"line":116,"column":6},"end":{"line":116,"column":23}},"40":{"start":{"line":118,"column":6},"end":{"line":118,"column":60}},"41":{"start":{"line":118,"column":48},"end":{"line":118,"column":60}},"42":{"start":{"line":119,"column":6},"end":{"line":119,"column":62}},"43":{"start":{"line":124,"column":4},"end":{"line":124,"column":27}},"44":{"start":{"line":125,"column":4},"end":{"line":125,"column":66}},"45":{"start":{"line":129,"column":4},"end":{"line":129,"column":27}},"46":{"start":{"line":130,"column":4},"end":{"line":133,"column":7}},"47":{"start":{"line":137,"column":4},"end":{"line":137,"column":27}},"48":{"start":{"line":138,"column":4},"end":{"line":138,"column":55}},"49":{"start":{"line":9,"column":13},"end":{"line":9,"column":26}},"50":{"start":{"line":9,"column":13},"end":{"line":140,"column":null}}},"fnMap":{"0":{"name":"(anonymous_2)","decl":{"start":{"line":10,"column":2},"end":{"line":10,"column":31}},"loc":{"start":{"line":10,"column":52},"end":{"line":10,"column":56}}},"1":{"name":"(anonymous_3)","decl":{"start":{"line":12,"column":2},"end":{"line":12,"column":8}},"loc":{"start":{"line":12,"column":28},"end":{"line":14,"column":3}}},"2":{"name":"(anonymous_4)","decl":{"start":{"line":16,"column":2},"end":{"line":16,"column":9}},"loc":{"start":{"line":16,"column":9},"end":{"line":21,"column":3}}},"3":{"name":"(anonymous_5)","decl":{"start":{"line":23,"column":2},"end":{"line":23,"column":7}},"loc":{"start":{"line":23,"column":26},"end":{"line":46,"column":3}}},"4":{"name":"(anonymous_6)","decl":{"start":{"line":48,"column":2},"end":{"line":48,"column":12}},"loc":{"start":{"line":48,"column":27},"end":{"line":53,"column":3}}},"5":{"name":"(anonymous_7)","decl":{"start":{"line":55,"column":2},"end":{"line":55,"column":7}},"loc":{"start":{"line":55,"column":53},"end":{"line":121,"column":3}}},"6":{"name":"(anonymous_8)","decl":{"start":{"line":56,"column":37},"end":{"line":56,"column":38}},"loc":{"start":{"line":56,"column":44},"end":{"line":56,"column":55}}},"7":{"name":"(anonymous_9)","decl":{"start":{"line":68,"column":36},"end":{"line":68,"column":37}},"loc":{"start":{"line":68,"column":43},"end":{"line":68,"column":66}}},"8":{"name":"(anonymous_10)","decl":{"start":{"line":77,"column":51},"end":{"line":77,"column":56}},"loc":{"start":{"line":77,"column":64},"end":{"line":114,"column":7}}},"9":{"name":"(anonymous_11)","decl":{"start":{"line":98,"column":36},"end":{"line":98,"column":37}},"loc":{"start":{"line":98,"column":47},"end":{"line":103,"column":18}}},"10":{"name":"(anonymous_12)","decl":{"start":{"line":102,"column":39},"end":{"line":102,"column":40}},"loc":{"start":{"line":102,"column":46},"end":{"line":102,"column":69}}},"11":{"name":"(anonymous_13)","decl":{"start":{"line":123,"column":2},"end":{"line":123,"column":7}},"loc":{"start":{"line":123,"column":46},"end":{"line":126,"column":3}}},"12":{"name":"(anonymous_14)","decl":{"start":{"line":128,"column":2},"end":{"line":128,"column":7}},"loc":{"start":{"line":128,"column":57},"end":{"line":134,"column":3}}},"13":{"name":"(anonymous_15)","decl":{"start":{"line":136,"column":2},"end":{"line":136,"column":7}},"loc":{"start":{"line":136,"column":25},"end":{"line":139,"column":3}}}},"branchMap":{"0":{"loc":{"start":{"line":44,"column":4},"end":{"line":44,"column":69}},"type":"if","locations":[{"start":{"line":44,"column":4},"end":{"line":44,"column":69}},{"start":{},"end":{}}]},"1":{"loc":{"start":{"line":62,"column":4},"end":{"line":64,"column":5}},"type":"if","locations":[{"start":{"line":62,"column":4},"end":{"line":64,"column":5}},{"start":{},"end":{}}]},"2":{"loc":{"start":{"line":83,"column":10},"end":{"line":85,"column":11}},"type":"if","locations":[{"start":{"line":83,"column":10},"end":{"line":85,"column":11}},{"start":{},"end":{}}]},"3":{"loc":{"start":{"line":118,"column":6},"end":{"line":118,"column":60}},"type":"if","locations":[{"start":{"line":118,"column":6},"end":{"line":118,"column":60}},{"start":{},"end":{}}]},"4":{"loc":{"start":{"line":10,"column":39},"end":{"line":10,"column":55}},"type":"cond-expr","locations":[{"start":{"line":10,"column":52},"end":{"line":10,"column":55}},{"start":{"line":10,"column":52},"end":{"line":10,"column":55}}]},"5":{"loc":{"start":{"line":10,"column":39},"end":{"line":10,"column":52}},"type":"binary-expr","locations":[{"start":{"line":10,"column":39},"end":{"line":10,"column":55}},{"start":{"line":10,"column":39},"end":{"line":10,"column":52}}]}},"s":{"0":2,"1":2,"2":2,"3":13,"4":0,"5":1,"6":6,"7":6,"8":3,"9":3,"10":1,"11":5,"12":5,"13":5,"14":5,"15":1,"16":4,"17":4,"18":4,"19":4,"20":4,"21":4,"22":4,"23":4,"24":4,"25":4,"26":4,"27":4,"28":4,"29":4,"30":4,"31":4,"32":4,"33":1,"34":3,"35":3,"36":3,"37":3,"38":3,"39":3,"40":1,"41":1,"42":0,"43":0,"44":0,"45":2,"46":1,"47":2,"48":1,"49":2,"50":2},"f":{"0":13,"1":0,"2":1,"3":6,"4":1,"5":5,"6":5,"7":4,"8":4,"9":3,"10":3,"11":0,"12":2,"13":2},"b":{"0":[3,3],"1":[1,4],"2":[1,3],"3":[1,0],"4":[2,0],"5":[2,2]}}
,"C:\\Users\\lalit\\Documents\\projects\\next-2026\\ecommerce-api\\src\\orders\\dto\\create-order.dto.ts": {"path":"C:\\Users\\lalit\\Documents\\projects\\next-2026\\ecommerce-api\\src\\orders\\dto\\create-order.dto.ts","statementMap":{"0":{"start":{"line":1,"column":0},"end":{"line":1,"column":58}},"1":{"start":{"line":3,"column":0},"end":{"line":3,"column":13}},"2":{"start":{"line":6,"column":2},"end":{"line":6,"column":null}},"3":{"start":{"line":10,"column":2},"end":{"line":10,"column":null}},"4":{"start":{"line":14,"column":2},"end":{"line":14,"column":null}},"5":{"start":{"line":18,"column":2},"end":{"line":18,"column":null}},"6":{"start":{"line":21,"column":2},"end":{"line":21,"column":null}}},"fnMap":{},"branchMap":{},"s":{"0":1,"1":1,"2":1,"3":1,"4":1,"5":1,"6":1},"f":{},"b":{}}
,"C:\\Users\\lalit\\Documents\\projects\\next-2026\\ecommerce-api\\src\\orders\\dto\\place-order.dto.ts": {"path":"C:\\Users\\lalit\\Documents\\projects\\next-2026\\ecommerce-api\\src\\orders\\dto\\place-order.dto.ts","statementMap":{"0":{"start":{"line":1,"column":0},"end":{"line":1,"column":67}},"1":{"start":{"line":2,"column":0},"end":{"line":2,"column":41}},"2":{"start":{"line":3,"column":0},"end":{"line":3,"column":null}},"3":{"start":{"line":12,"column":0},"end":{"line":12,"column":38}},"4":{"start":{"line":17,"column":2},"end":{"line":17,"column":null}},"5":{"start":{"line":22,"column":2},"end":{"line":22,"column":null}},"6":{"start":{"line":26,"column":2},"end":{"line":26,"column":null}},"7":{"start":{"line":32,"column":2},"end":{"line":32,"column":null}},"8":{"start":{"line":36,"column":2},"end":{"line":36,"column":null}},"9":{"start":{"line":40,"column":2},"end":{"line":40,"column":null}},"10":{"start":{"line":45,"column":2},"end":{"line":45,"column":null}},"11":{"start":{"line":49,"column":2},"end":{"line":49,"column":null}},"12":{"start":{"line":53,"column":2},"end":{"line":53,"column":null}},"13":{"start":{"line":57,"column":2},"end":{"line":57,"column":null}},"14":{"start":{"line":61,"column":2},"end":{"line":61,"column":null}},"15":{"start":{"line":64,"column":0},"end":{"line":64,"column":13}},"16":{"start":{"line":69,"column":2},"end":{"line":69,"column":null}},"17":{"start":{"line":68,"column":14},"end":{"line":68,"column":31}},"18":{"start":{"line":74,"column":2},"end":{"line":74,"column":null}},"19":{"start":{"line":73,"column":14},"end":{"line":73,"column":34}}},"fnMap":{"0":{"name":"(anonymous_2)","decl":{"start":{"line":68,"column":8},"end":{"line":68,"column":11}},"loc":{"start":{"line":68,"column":14},"end":{"line":68,"column":31}}},"1":{"name":"(anonymous_3)","decl":{"start":{"line":73,"column":8},"end":{"line":73,"column":11}},"loc":{"start":{"line":73,"column":14},"end":{"line":73,"column":34}}}},"branchMap":{"0":{"loc":{"start":{"line":26,"column":8},"end":{"line":26,"column":13}},"type":"cond-expr","locations":[{"start":{"line":26,"column":12},"end":{"line":26,"column":13}},{"start":{"line":26,"column":12},"end":{"line":26,"column":13}}]},"1":{"loc":{"start":{"line":26,"column":8},"end":{"line":26,"column":12}},"type":"binary-expr","locations":[{"start":{"line":26,"column":8},"end":{"line":26,"column":13}},{"start":{"line":26,"column":8},"end":{"line":26,"column":12}}]}},"s":{"0":1,"1":1,"2":1,"3":1,"4":1,"5":1,"6":1,"7":1,"8":1,"9":1,"10":1,"11":1,"12":1,"13":1,"14":1,"15":1,"16":1,"17":0,"18":1,"19":0},"f":{"0":0,"1":0},"b":{"0":[0,1],"1":[1,1]}}
,"C:\\Users\\lalit\\Documents\\projects\\next-2026\\ecommerce-api\\src\\orders\\dto\\set-transaction.dto.ts": {"path":"C:\\Users\\lalit\\Documents\\projects\\next-2026\\ecommerce-api\\src\\orders\\dto\\set-transaction.dto.ts","statementMap":{"0":{"start":{"line":1,"column":0},"end":{"line":1,"column":43}},"1":{"start":{"line":3,"column":0},"end":{"line":3,"column":13}},"2":{"start":{"line":5,"column":2},"end":{"line":5,"column":null}}},"fnMap":{},"branchMap":{},"s":{"0":1,"1":1,"2":1},"f":{},"b":{}}
,"C:\\Users\\lalit\\Documents\\projects\\next-2026\\ecommerce-api\\src\\orders\\dto\\update-order.dto.ts": {"path":"C:\\Users\\lalit\\Documents\\projects\\next-2026\\ecommerce-api\\src\\orders\\dto\\update-order.dto.ts","statementMap":{"0":{"start":{"line":1,"column":0},"end":{"line":1,"column":51}},"1":{"start":{"line":2,"column":0},"end":{"line":2,"column":52}},"2":{"start":{"line":4,"column":0},"end":{"line":4,"column":13}}},"fnMap":{},"branchMap":{},"s":{"0":1,"1":1,"2":1},"f":{},"b":{}}
,"C:\\Users\\lalit\\Documents\\projects\\next-2026\\ecommerce-api\\src\\payments\\payments.controller.ts": {"path":"C:\\Users\\lalit\\Documents\\projects\\next-2026\\ecommerce-api\\src\\payments\\payments.controller.ts","statementMap":{"0":{"start":{"line":1,"column":0},"end":{"line":1,"column":67}},"1":{"start":{"line":2,"column":0},"end":{"line":2,"column":71}},"2":{"start":{"line":3,"column":0},"end":{"line":3,"column":53}},"3":{"start":{"line":4,"column":0},"end":{"line":4,"column":73}},"4":{"start":{"line":5,"column":0},"end":{"line":5,"column":54}},"5":{"start":{"line":11,"column":7},"end":{"line":19,"column":null}},"6":{"start":{"line":12,"column":31},"end":{"line":12,"column":48}},"7":{"start":{"line":17,"column":4},"end":{"line":17,"column":71}},"8":{"start":{"line":11,"column":13},"end":{"line":11,"column":31}},"9":{"start":{"line":16,"column":2},"end":{"line":18,"column":null}},"10":{"start":{"line":11,"column":13},"end":{"line":19,"column":null}}},"fnMap":{"0":{"name":"(anonymous_4)","decl":{"start":{"line":12,"column":2},"end":{"line":12,"column":31}},"loc":{"start":{"line":12,"column":63},"end":{"line":12,"column":67}}},"1":{"name":"(anonymous_5)","decl":{"start":{"line":16,"column":2},"end":{"line":16,"column":14}},"loc":{"start":{"line":16,"column":50},"end":{"line":18,"column":3}}}},"branchMap":{"0":{"loc":{"start":{"line":16,"column":28},"end":{"line":16,"column":null}},"type":"cond-expr","locations":[{"start":{"line":16,"column":50},"end":{"line":16,"column":null}},{"start":{"line":16,"column":50},"end":{"line":16,"column":null}}]},"1":{"loc":{"start":{"line":16,"column":28},"end":{"line":16,"column":50}},"type":"binary-expr","locations":[{"start":{"line":16,"column":28},"end":{"line":16,"column":null}},{"start":{"line":16,"column":28},"end":{"line":16,"column":50}}]},"2":{"loc":{"start":{"line":12,"column":48},"end":{"line":12,"column":66}},"type":"cond-expr","locations":[{"start":{"line":12,"column":63},"end":{"line":12,"column":66}},{"start":{"line":12,"column":63},"end":{"line":12,"column":66}}]},"3":{"loc":{"start":{"line":12,"column":48},"end":{"line":12,"column":63}},"type":"binary-expr","locations":[{"start":{"line":12,"column":48},"end":{"line":12,"column":66}},{"start":{"line":12,"column":48},"end":{"line":12,"column":63}}]}},"s":{"0":1,"1":1,"2":1,"3":1,"4":1,"5":1,"6":1,"7":1,"8":1,"9":1,"10":1},"f":{"0":1,"1":1},"b":{"0":[1,0],"1":[1,1],"2":[1,0],"3":[1,1]}}
[...]
,"C:\\Users\\lalit\\Documents\\projects\\next-2026\\ecommerce-api\\src\\user-addresses\\user-addresses.module.ts": {"path":"C:\\Users\\lalit\\Documents\\projects\\next-2026\\ecommerce-api\\src\\user-addresses\\user-addresses.module.ts","statementMap":{"0":{"start":{"line":1,"column":0},"end":{"line":1,"column":40}},"1":{"start":{"line":2,"column":0},"end":{"line":2,"column":64}},"2":{"start":{"line":3,"column":0},"end":{"line":3,"column":70}},"3":{"start":{"line":9,"column":7},"end":{"line":9,"column":null}},"4":{"start":{"line":9,"column":13},"end":{"line":9,"column":32}},"5":{"start":{"line":9,"column":13},"end":{"line":9,"column":null}}},"fnMap":{},"branchMap":{},"s":{"0":0,"1":0,"2":0,"3":0,"4":0,"5":0},"f":{},"b":{}}
,"C:\\Users\\lalit\\Documents\\projects\\next-2026\\ecommerce-api\\src\\user-addresses\\user-addresses.service.ts": {"path":"C:\\Users\\lalit\\Documents\\projects\\next-2026\\ecommerce-api\\src\\user-addresses\\user-addresses.service.ts","statementMap":{"0":{"start":{"line":1,"column":0},"end":{"line":1,"column":63}},"1":{"start":{"line":2,"column":0},"end":{"line":2,"column":57}},"2":{"start":{"line":8,"column":7},"end":{"line":52,"column":null}},"3":{"start":{"line":9,"column":31},"end":{"line":9,"column":39}},"4":{"start":{"line":12,"column":4},"end":{"line":12,"column":57}},"5":{"start":{"line":16,"column":4},"end":{"line":16,"column":46}},"6":{"start":{"line":20,"column":20},"end":{"line":20,"column":79}},"7":{"start":{"line":21,"column":4},"end":{"line":21,"column":77}},"8":{"start":{"line":21,"column":18},"end":{"line":21,"column":77}},"9":{"start":{"line":22,"column":4},"end":{"line":22,"column":19}},"10":{"start":{"line":26,"column":4},"end":{"line":26,"column":69}},"11":{"start":{"line":30,"column":4},"end":{"line":34,"column":7}},"12":{"start":{"line":38,"column":20},"end":{"line":38,"column":83}},"13":{"start":{"line":39,"column":4},"end":{"line":39,"column":90}},"14":{"start":{"line":39,"column":18},"end":{"line":39,"column":90}},"15":{"start":{"line":40,"column":4},"end":{"line":40,"column":65}},"16":{"start":{"line":44,"column":4},"end":{"line":44,"column":27}},"17":{"start":{"line":45,"column":4},"end":{"line":45,"column":72}},"18":{"start":{"line":49,"column":4},"end":{"line":49,"column":27}},"19":{"start":{"line":50,"column":4},"end":{"line":50,"column":61}},"20":{"start":{"line":8,"column":13},"end":{"line":8,"column":33}},"21":{"start":{"line":8,"column":13},"end":{"line":52,"column":null}}},"fnMap":{"0":{"name":"(anonymous_2)","decl":{"start":{"line":9,"column":2},"end":{"line":9,"column":31}},"loc":{"start":{"line":9,"column":52},"end":{"line":9,"column":56}}},"1":{"name":"(anonymous_3)","decl":{"start":{"line":11,"column":2},"end":{"line":11,"column":8}},"loc":{"start":{"line":11,"column":34},"end":{"line":13,"column":3}}},"2":{"name":"(anonymous_4)","decl":{"start":{"line":15,"column":2},"end":{"line":15,"column":9}},"loc":{"start":{"line":15,"column":9},"end":{"line":17,"column":3}}},"3":{"name":"(anonymous_5)","decl":{"start":{"line":19,"column":2},"end":{"line":19,"column":7}},"loc":{"start":{"line":19,"column":26},"end":{"line":23,"column":3}}},"4":{"name":"(anonymous_6)","decl":{"start":{"line":25,"column":2},"end":{"line":25,"column":14}},"loc":{"start":{"line":25,"column":29},"end":{"line":27,"column":3}}},"5":{"name":"(anonymous_7)","decl":{"start":{"line":29,"column":2},"end":{"line":29,"column":16}},"loc":{"start":{"line":29,"column":58},"end":{"line":35,"column":3}}},"6":{"name":"(anonymous_8)","decl":{"start":{"line":37,"column":2},"end":{"line":37,"column":7}},"loc":{"start":{"line":37,"column":37},"end":{"line":41,"column":3}}},"7":{"name":"(anonymous_9)","decl":{"start":{"line":43,"column":2},"end":{"line":43,"column":7}},"loc":{"start":{"line":43,"column":52},"end":{"line":46,"column":3}}},"8":{"name":"(anonymous_10)","decl":{"start":{"line":48,"column":2},"end":{"line":48,"column":7}},"loc":{"start":{"line":48,"column":25},"end":{"line":51,"column":3}}}},"branchMap":{"0":{"loc":{"start":{"line":21,"column":4},"end":{"line":21,"column":77}},"type":"if","locations":[{"start":{"line":21,"column":4},"end":{"line":21,"column":77}},{"start":{},"end":{}}]},"1":{"loc":{"start":{"line":39,"column":4},"end":{"line":39,"column":90}},"type":"if","locations":[{"start":{"line":39,"column":4},"end":{"line":39,"column":90}},{"start":{},"end":{}}]},"2":{"loc":{"start":{"line":9,"column":39},"end":{"line":9,"column":55}},"type":"cond-expr","locations":[{"start":{"line":9,"column":52},"end":{"line":9,"column":55}},{"start":{"line":9,"column":52},"end":{"line":9,"column":55}}]},"3":{"loc":{"start":{"line":9,"column":39},"end":{"line":9,"column":52}},"type":"binary-expr","locations":[{"start":{"line":9,"column":39},"end":{"line":9,"column":55}},{"start":{"line":9,"column":39},"end":{"line":9,"column":52}}]}},"s":{"0":2,"1":2,"2":2,"3":12,"4":1,"5":1,"6":6,"7":6,"8":3,"9":3,"10":1,"11":1,"12":2,"13":2,"14":1,"15":1,"16":2,"17":1,"18":2,"19":1,"20":2,"21":2},"f":{"0":12,"1":1,"2":1,"3":6,"4":1,"5":1,"6":2,"7":2,"8":2},"b":{"0":[3,3],"1":[1,1],"2":[2,0],"3":[2,2]}}
,"C:\\Users\\lalit\\Documents\\projects\\next-2026\\ecommerce-api\\src\\user-addresses\\dto\\create-user-address.dto.ts": {"path":"C:\\Users\\lalit\\Documents\\projects\\next-2026\\ecommerce-api\\src\\user-addresses\\dto\\create-user-address.dto.ts","statementMap":{"0":{"start":{"line":1,"column":0},"end":{"line":1,"column":66}},"1":{"start":{"line":3,"column":0},"end":{"line":3,"column":13}},"2":{"start":{"line":6,"column":2},"end":{"line":6,"column":null}},"3":{"start":{"line":10,"column":2},"end":{"line":10,"column":null}},"4":{"start":{"line":13,"column":2},"end":{"line":13,"column":null}},"5":{"start":{"line":17,"column":2},"end":{"line":17,"column":null}},"6":{"start":{"line":20,"column":2},"end":{"line":20,"column":null}},"7":{"start":{"line":23,"column":2},"end":{"line":23,"column":null}},"8":{"start":{"line":26,"column":2},"end":{"line":26,"column":null}},"9":{"start":{"line":29,"column":2},"end":{"line":29,"column":null}},"10":{"start":{"line":32,"column":2},"end":{"line":32,"column":null}}},"fnMap":{},"branchMap":{},"s":{"0":1,"1":1,"2":1,"3":1,"4":1,"5":1,"6":1,"7":1,"8":1,"9":1,"10":1},"f":{},"b":{}}
,"C:\\Users\\lalit\\Documents\\projects\\next-2026\\ecommerce-api\\src\\user-addresses\\dto\\update-user-address.dto.ts": {"path":"C:\\Users\\lalit\\Documents\\projects\\next-2026\\ecommerce-api\\src\\user-addresses\\dto\\update-user-address.dto.ts","statementMap":{"0":{"start":{"line":1,"column":0},"end":{"line":1,"column":51}},"1":{"start":{"line":2,"column":0},"end":{"line":2,"column":65}},"2":{"start":{"line":4,"column":0},"end":{"line":4,"column":13}}},"fnMap":{},"branchMap":{},"s":{"0":1,"1":1,"2":1},"f":{},"b":{}}
,"C:\\Users\\lalit\\Documents\\projects\\next-2026\\ecommerce-api\\src\\user-addresses\\dto\\upsert-user-address.dto.ts": {"path":"C:\\Users\\lalit\\Documents\\projects\\next-2026\\ecommerce-api\\src\\user-addresses\\dto\\upsert-user-address.dto.ts","statementMap":{"0":{"start":{"line":1,"column":0},"end":{"line":1,"column":67}},"1":{"start":{"line":2,"column":0},"end":{"line":2,"column":66}},"2":{"start":{"line":4,"column":0},"end":{"line":4,"column":13}},"3":{"start":{"line":8,"column":2},"end":{"line":8,"column":null}},"4":{"start":{"line":13,"column":2},"end":{"line":13,"column":null}},"5":{"start":{"line":17,"column":2},"end":{"line":17,"column":null}},"6":{"start":{"line":22,"column":2},"end":{"line":22,"column":null}},"7":{"start":{"line":26,"column":2},"end":{"line":26,"column":null}},"8":{"start":{"line":30,"column":2},"end":{"line":30,"column":null}},"9":{"start":{"line":34,"column":2},"end":{"line":34,"column":null}},"10":{"start":{"line":38,"column":2},"end":{"line":38,"column":null}}},"fnMap":{},"branchMap":{},"s":{"0":1,"1":1,"2":1,"3":1,"4":1,"5":1,"6":1,"7":1,"8":1,"9":1,"10":1},"f":{},"b":{}}
,"C:\\Users\\lalit\\Documents\\projects\\next-2026\\ecommerce-api\\src\\users\\users.controller.ts": {"path":"C:\\Users\\lalit\\Documents\\projects\\next-2026\\ecommerce-api\\src\\users\\users.controller.ts","statementMap":{"0":{"start":{"line":1,"column":0},"end":{"line":1,"column":83}},"1":{"start":{"line":2,"column":0},"end":{"line":2,"column":56}},"2":{"start":{"line":3,"column":0},"end":{"line":3,"column":47}},"3":{"start":{"line":4,"column":0},"end":{"line":4,"column":54}},"4":{"start":{"line":5,"column":0},"end":{"line":5,"column":54}},"5":{"start":{"line":9,"column":7},"end":{"line":41,"column":null}},"6":{"start":{"line":10,"column":31},"end":{"line":10,"column":45}},"7":{"start":{"line":15,"column":4},"end":{"line":15,"column":41}},"8":{"start":{"line":21,"column":4},"end":{"line":21,"column":39}},"9":{"start":{"line":27,"column":4},"end":{"line":27,"column":41}},"10":{"start":{"line":33,"column":4},"end":{"line":33,"column":45}},"11":{"start":{"line":39,"column":4},"end":{"line":39,"column":40}},"12":{"start":{"line":9,"column":13},"end":{"line":9,"column":28}},"13":{"start":{"line":14,"column":2},"end":{"line":16,"column":null}},"14":{"start":{"line":20,"column":2},"end":{"line":22,"column":null}},"15":{"start":{"line":26,"column":2},"end":{"line":28,"column":null}},"16":{"start":{"line":32,"column":2},"end":{"line":34,"column":null}},"17":{"start":{"line":38,"column":2},"end":{"line":40,"column":null}},"18":{"start":{"line":9,"column":13},"end":{"line":41,"column":null}}},"fnMap":{"0":{"name":"(anonymous_4)","decl":{"start":{"line":10,"column":2},"end":{"line":10,"column":31}},"loc":{"start":{"line":10,"column":57},"end":{"line":10,"column":61}}},"1":{"name":"(anonymous_5)","decl":{"start":{"line":14,"column":2},"end":{"line":14,"column":8}},"loc":{"start":{"line":14,"column":35},"end":{"line":16,"column":3}}},"2":{"name":"(anonymous_6)","decl":{"start":{"line":20,"column":2},"end":{"line":20,"column":9}},"loc":{"start":{"line":20,"column":9},"end":{"line":22,"column":3}}},"3":{"name":"(anonymous_7)","decl":{"start":{"line":26,"column":2},"end":{"line":26,"column":9}},"loc":{"start":{"line":26,"column":33},"end":{"line":28,"column":3}}},"4":{"name":"(anonymous_8)","decl":{"start":{"line":32,"column":2},"end":{"line":32,"column":8}},"loc":{"start":{"line":32,"column":60},"end":{"line":34,"column":3}}},"5":{"name":"(anonymous_9)","decl":{"start":{"line":38,"column":2},"end":{"line":38,"column":8}},"loc":{"start":{"line":38,"column":32},"end":{"line":40,"column":3}}}},"branchMap":{"0":{"loc":{"start":{"line":14,"column":22},"end":{"line":14,"column":null}},"type":"cond-expr","locations":[{"start":{"line":14,"column":35},"end":{"line":14,"column":null}},{"start":{"line":14,"column":35},"end":{"line":14,"column":null}}]},"1":{"loc":{"start":{"line":14,"column":22},"end":{"line":14,"column":35}},"type":"binary-expr","locations":[{"start":{"line":14,"column":22},"end":{"line":14,"column":null}},{"start":{"line":14,"column":22},"end":{"line":14,"column":35}}]},"2":{"loc":{"start":{"line":32,"column":47},"end":{"line":32,"column":null}},"type":"cond-expr","locations":[{"start":{"line":32,"column":60},"end":{"line":32,"column":null}},{"start":{"line":32,"column":60},"end":{"line":32,"column":null}}]},"3":{"loc":{"start":{"line":32,"column":47},"end":{"line":32,"column":60}},"type":"binary-expr","locations":[{"start":{"line":32,"column":47},"end":{"line":32,"column":null}},{"start":{"line":32,"column":47},"end":{"line":32,"column":60}}]},"4":{"loc":{"start":{"line":10,"column":45},"end":{"line":10,"column":60}},"type":"cond-expr","locations":[{"start":{"line":10,"column":57},"end":{"line":10,"column":60}},{"start":{"line":10,"column":57},"end":{"line":10,"column":60}}]},"5":{"loc":{"start":{"line":10,"column":45},"end":{"line":10,"column":57}},"type":"binary-expr","locations":[{"start":{"line":10,"column":45},"end":{"line":10,"column":60}},{"start":{"line":10,"column":45},"end":{"line":10,"column":57}}]}},"s":{"0":1,"1":1,"2":1,"3":1,"4":1,"5":1,"6":5,"7":1,"8":1,"9":1,"10":1,"11":1,"12":1,"13":1,"14":1,"15":1,"16":1,"17":1,"18":1},"f":{"0":5,"1":1,"2":1,"3":1,"4":1,"5":1},"b":{"0":[1,0],"1":[1,1],"2":[1,0],"3":[1,1],"4":[1,0],"5":[1,1]}}
,"C:\\Users\\lalit\\Documents\\projects\\next-2026\\ecommerce-api\\src\\users\\users.module.ts": {"path":"C:\\Users\\lalit\\Documents\\projects\\next-2026\\ecommerce-api\\src\\users\\users.module.ts","statementMap":{"0":{"start":{"line":1,"column":0},"end":{"line":1,"column":40}},"1":{"start":{"line":2,"column":0},"end":{"line":2,"column":47}},"2":{"start":{"line":3,"column":0},"end":{"line":3,"column":53}},"3":{"start":{"line":9,"column":7},"end":{"line":9,"column":null}},"4":{"start":{"line":9,"column":13},"end":{"line":9,"column":24}},"5":{"start":{"line":9,"column":13},"end":{"line":9,"column":null}}},"fnMap":{},"branchMap":{},"s":{"0":0,"1":0,"2":0,"3":0,"4":0,"5":0},"f":{},"b":{}}
,"C:\\Users\\lalit\\Documents\\projects\\next-2026\\ecommerce-api\\src\\users\\users.service.ts": {"path":"C:\\Users\\lalit\\Documents\\projects\\next-2026\\ecommerce-api\\src\\users\\users.service.ts","statementMap":{"0":{"start":{"line":1,"column":0},"end":{"line":1,"column":63}},"1":{"start":{"line":2,"column":0},"end":{"line":2,"column":37}},"2":{"start":{"line":3,"column":0},"end":{"line":3,"column":57}},"3":{"start":{"line":8,"column":7},"end":{"line":47,"column":null}},"4":{"start":{"line":9,"column":31},"end":{"line":9,"column":39}},"5":{"start":{"line":12,"column":4},"end":{"line":15,"column":7}},"6":{"start":{"line":19,"column":4},"end":{"line":19,"column":67}},"7":{"start":{"line":23,"column":17},"end":{"line":26,"column":6}},"8":{"start":{"line":27,"column":4},"end":{"line":27,"column":67}},"9":{"start":{"line":27,"column":15},"end":{"line":27,"column":67}},"10":{"start":{"line":28,"column":4},"end":{"line":28,"column":16}},"11":{"start":{"line":32,"column":4},"end":{"line":32,"column":27}},"12":{"start":{"line":33,"column":17},"end":{"line":35,"column":18}},"13":{"start":{"line":36,"column":4},"end":{"line":40,"column":7}},"14":{"start":{"line":44,"column":4},"end":{"line":44,"column":27}},"15":{"start":{"line":45,"column":4},"end":{"line":45,"column":54}},"16":{"start":{"line":8,"column":13},"end":{"line":8,"column":25}},"17":{"start":{"line":8,"column":13},"end":{"line":47,"column":null}}},"fnMap":{"0":{"name":"(anonymous_11)","decl":{"start":{"line":9,"column":2},"end":{"line":9,"column":31}},"loc":{"start":{"line":9,"column":52},"end":{"line":9,"column":56}}},"1":{"name":"(anonymous_12)","decl":{"start":{"line":11,"column":2},"end":{"line":11,"column":8}},"loc":{"start":{"line":11,"column":27},"end":{"line":16,"column":3}}},"2":{"name":"(anonymous_13)","decl":{"start":{"line":18,"column":2},"end":{"line":18,"column":9}},"loc":{"start":{"line":18,"column":9},"end":{"line":20,"column":3}}},"3":{"name":"(anonymous_14)","decl":{"start":{"line":22,"column":2},"end":{"line":22,"column":7}},"loc":{"start":{"line":22,"column":26},"end":{"line":29,"column":3}}},"4":{"name":"(anonymous_15)","decl":{"start":{"line":31,"column":2},"end":{"line":31,"column":7}},"loc":{"start":{"line":31,"column":45},"end":{"line":41,"column":3}}},"5":{"name":"(anonymous_16)","decl":{"start":{"line":43,"column":2},"end":{"line":43,"column":7}},"loc":{"start":{"line":43,"column":25},"end":{"line":46,"column":3}}}},"branchMap":{"0":{"loc":{"start":{"line":27,"column":4},"end":{"line":27,"column":67}},"type":"if","locations":[{"start":{"line":27,"column":4},"end":{"line":27,"column":67}},{"start":{},"end":{}}]},"1":{"loc":{"start":{"line":33,"column":17},"end":{"line":35,"column":18}},"type":"cond-expr","locations":[{"start":{"line":34,"column":8},"end":{"line":34,"column":65}},{"start":{"line":35,"column":8},"end":{"line":35,"column":18}}]},"2":{"loc":{"start":{"line":9,"column":39},"end":{"line":9,"column":55}},"type":"cond-expr","locations":[{"start":{"line":9,"column":52},"end":{"line":9,"column":55}},{"start":{"line":9,"column":52},"end":{"line":9,"column":55}}]},"3":{"loc":{"start":{"line":9,"column":39},"end":{"line":9,"column":52}},"type":"binary-expr","locations":[{"start":{"line":9,"column":39},"end":{"line":9,"column":55}},{"start":{"line":9,"column":39},"end":{"line":9,"column":52}}]}},"s":{"0":2,"1":2,"2":2,"3":2,"4":10,"5":2,"6":1,"7":7,"8":7,"9":3,"10":4,"11":3,"12":2,"13":2,"14":2,"15":1,"16":2,"17":2},"f":{"0":10,"1":2,"2":1,"3":7,"4":3,"5":2},"b":{"0":[3,4],"1":[1,1],"2":[2,0],"3":[2,2]}}
,"C:\\Users\\lalit\\Documents\\projects\\next-2026\\ecommerce-api\\src\\users\\dto\\create-user.dto.ts": {"path":"C:\\Users\\lalit\\Documents\\projects\\next-2026\\ecommerce-api\\src\\users\\dto\\create-user.dto.ts","statementMap":{"0":{"start":{"line":1,"column":0},"end":{"line":1,"column":67}},"1":{"start":{"line":2,"column":0},"end":{"line":2,"column":null}},"2":{"start":{"line":10,"column":0},"end":{"line":10,"column":38}},"3":{"start":{"line":12,"column":0},"end":{"line":12,"column":13}},"4":{"start":{"line":16,"column":2},"end":{"line":16,"column":null}},"5":{"start":{"line":20,"column":2},"end":{"line":20,"column":null}},"6":{"start":{"line":25,"column":2},"end":{"line":25,"column":null}},"7":{"start":{"line":30,"column":2},"end":{"line":30,"column":null}},"8":{"start":{"line":35,"column":2},"end":{"line":35,"column":null}}},"fnMap":{},"branchMap":{"0":{"loc":{"start":{"line":30,"column":9},"end":{"line":30,"column":14}},"type":"cond-expr","locations":[{"start":{"line":30,"column":13},"end":{"line":30,"column":14}},{"start":{"line":30,"column":13},"end":{"line":30,"column":14}}]},"1":{"loc":{"start":{"line":30,"column":9},"end":{"line":30,"column":13}},"type":"binary-expr","locations":[{"start":{"line":30,"column":9},"end":{"line":30,"column":14}},{"start":{"line":30,"column":9},"end":{"line":30,"column":13}}]}},"s":{"0":1,"1":1,"2":1,"3":1,"4":1,"5":1,"6":1,"7":1,"8":1},"f":{},"b":{"0":[0,1],"1":[1,1]}}
,"C:\\Users\\lalit\\Documents\\projects\\next-2026\\ecommerce-api\\src\\users\\dto\\update-user.dto.ts": {"path":"C:\\Users\\lalit\\Documents\\projects\\next-2026\\ecommerce-api\\src\\users\\dto\\update-user.dto.ts","statementMap":{"0":{"start":{"line":1,"column":0},"end":{"line":1,"column":46}},"1":{"start":{"line":2,"column":0},"end":{"line":2,"column":50}},"2":{"start":{"line":4,"column":0},"end":{"line":4,"column":13}}},"fnMap":{},"branchMap":{},"s":{"0":1,"1":1,"2":1},"f":{},"b":{}}
}
